Using pre-set license
Built from '2020.3/china_unity/release' branch; Version is '2020.3.13f1c1 (93b9df9a3ddc) revision 9681375'; Using compiler version '192528614'; Build Type 'Release'
OS: 'Windows 10 Pro; OS build 19042.928; Version 2009; 64bit' Language: 'zh' Physical Memory: 32542 MB
BatchMode: 1, IsHumanControllingUs: 0, StartBugReporterOnCrash: 0, Is64bit: 1, IsPro: 0

 COMMAND LINE ARGUMENTS:
C:\Program Files\Unity\Hub\Editor\2020.3.13f1c1\Editor\Unity.exe
-adb2
-batchMode
-noUpm
-name
AssetImportWorker0
-projectPath
E:/Unity_Projects/ShaderFramework
-logFile
Logs/AssetImportWorker0.log
-srvPort
53722
Successfully changed project path to: E:/Unity_Projects/ShaderFramework
E:/Unity_Projects/ShaderFramework
Using Asset Import Pipeline V2.
Refreshing native plugins compatible for Editor in 52.31 ms, found 2 plugins.
Preloading 0 native plugins for Editor in 0.00 ms.
Initialize engine version: 2020.3.13f1c1 (93b9df9a3ddc)
[Subsystems] Discovering subsystems at path C:/Program Files/Unity/Hub/Editor/2020.3.13f1c1/Editor/Data/Resources/UnitySubsystems
[Subsystems] Discovering subsystems at path E:/Unity_Projects/ShaderFramework/Assets
GfxDevice: creating device client; threaded=0
Direct3D:
    Version:  Direct3D 11.0 [level 11.1]
    Renderer: NVIDIA GeForce RTX 2060 (ID=0x1f08)
    Vendor:   
    VRAM:     5980 MB
    Driver:   27.21.14.6192
Shader 'Universal Render Pipeline/Particles/Lit': fallback shader 'Universal Render Pipeline/Particles/SimpleLit' not found
Initialize mono
Mono path[0] = 'C:/Program Files/Unity/Hub/Editor/2020.3.13f1c1/Editor/Data/Managed'
Mono path[1] = 'C:/Program Files/Unity/Hub/Editor/2020.3.13f1c1/Editor/Data/MonoBleedingEdge/lib/mono/unityjit'
Mono config path = 'C:/Program Files/Unity/Hub/Editor/2020.3.13f1c1/Editor/Data/MonoBleedingEdge/etc'
Using monoOptions --debugger-agent=transport=dt_socket,embedding=1,server=y,suspend=n,address=127.0.0.1:56472
Begin MonoManager ReloadAssembly
Registering precompiled unity dll's ...
Register platform support module: C:/Program Files/Unity/Hub/Editor/2020.3.13f1c1/Editor/Data/PlaybackEngines/WindowsStandaloneSupport/UnityEditor.WindowsStandalone.Extensions.dll
Registered in 0.001120 seconds.
Native extension for WindowsStandalone target not found
Refreshing native plugins compatible for Editor in 51.94 ms, found 2 plugins.
Preloading 0 native plugins for Editor in 0.00 ms.
Mono: successfully reloaded assembly
- Completed reload, in  1.498 seconds
Platform modules already initialized, skipping
Registering precompiled user dll's ...
Registered in 0.002684 seconds.
Begin MonoManager ReloadAssembly
Native extension for WindowsStandalone target not found
Refreshing native plugins compatible for Editor in 60.91 ms, found 2 plugins.
Preloading 0 native plugins for Editor in 0.00 ms.
Mono: successfully reloaded assembly
- Completed reload, in  1.002 seconds
Platform modules already initialized, skipping
========================================================================
Worker process is ready to serve import requests
Shader 'Universal Render Pipeline/Particles/Lit': fallback shader 'Universal Render Pipeline/Particles/SimpleLit' not found
Launched and connected shader compiler UnityShaderCompiler.exe after 0.08 seconds
Refreshing native plugins compatible for Editor in 0.52 ms, found 2 plugins.
Preloading 0 native plugins for Editor in 0.00 ms.
Unloading 2854 Unused Serialized files (Serialized files now loaded: 0)
System memory in use before: 129.4 MB.
System memory in use after: 129.6 MB.

Unloading 20 unused Assets to reduce memory usage. Loaded Objects now: 3292.
Total: 2.088900 ms (FindLiveObjects: 0.226300 ms CreateObjectMapping: 0.113800 ms MarkObjects: 1.700400 ms  DeleteObjects: 0.047500 ms)

AssetImportParameters requested are different than current active one (requested -> active):
  custom:framework-win-MediaFoundation: 216162199b28c13a410421893ffa2e32 -> 
  custom:video-decoder-ogg-theora: a1e56fd34408186e4bbccfd4996cb3dc -> 
  custom:container-muxer-webm: aa71ff27fc2769a1b78a27578f13a17b -> 
  custom:container-demuxer-webm: 4f35f7cbe854078d1ac9338744f61a02 -> 
  custom:container-demuxer-ogg: 62fdf1f143b41e24485cea50d1cbac27 -> 
  custom:video-encoder-webm-vp8: eb34c28f22e8b96e1ab97ce403110664 -> 
  custom:video-decoder-webm-vp8: 9c59270c3fd7afecdb556c50c9e8de78 -> 
  custom:audio-decoder-ogg-vorbis: bf7c407c2cedff20999df2af8eb42d56 -> 
  custom:audio-encoder-webm-vorbis: bf7c407c2cedff20999df2af8eb42d56 -> 
========================================================================
Received Import Request.
  path: Assets/SuikaShaderFramework/Resources/Texture/Hair/SuikaHairInner.mat
  artifactKey: Guid(d48975e27064aea49970d8e3791287a9) Importer(815301076,1909f56bfc062723c751e8b465ee728b)
Start importing Assets/SuikaShaderFramework/Resources/Texture/Hair/SuikaHairInner.mat using Guid(d48975e27064aea49970d8e3791287a9) Importer(815301076,1909f56bfc062723c751e8b465ee728b)  -> (artifact id: '004770616aa35961ea05443e172cc9b5') in 0.855078 seconds 
  Import took 0.864604 seconds .

========================================================================
Received Import Request.
  Time since last request: 0.000237 seconds.
  path: Assets/SuikaShaderFramework/Resources/Texture/Hair/SuikaHairOuter.mat
  artifactKey: Guid(e848a346336010244b7c28844407d63b) Importer(815301076,1909f56bfc062723c751e8b465ee728b)
Start importing Assets/SuikaShaderFramework/Resources/Texture/Hair/SuikaHairOuter.mat using Guid(e848a346336010244b7c28844407d63b) Importer(815301076,1909f56bfc062723c751e8b465ee728b)  -> (artifact id: '84090afe8e36c84570b4e34f530103a8') in 0.521824 seconds 
  Import took 0.528107 seconds .

========================================================================
Received Import Request.
  Time since last request: 21.512360 seconds.
  path: Assets/SuikaShaderFramework/Resources/Texture/Hair/New Material 2.mat
  artifactKey: Guid(a4b2e7a80f529854eb03232bcd00e9ba) Importer(815301076,1909f56bfc062723c751e8b465ee728b)
Start importing Assets/SuikaShaderFramework/Resources/Texture/Hair/New Material 2.mat using Guid(a4b2e7a80f529854eb03232bcd00e9ba) Importer(815301076,1909f56bfc062723c751e8b465ee728b)  -> (artifact id: 'ac8f79db3223d313f226a2f66fdffa2f') in 0.010031 seconds 
  Import took 0.014119 seconds .

========================================================================
Received Import Request.
  Time since last request: 4655.381628 seconds.
  path: Assets/SuikaShaderFramework/Resources/Texture/Hair/SuikaHairInner.mat
  artifactKey: Guid(d48975e27064aea49970d8e3791287a9) Importer(815301076,1909f56bfc062723c751e8b465ee728b)
Start importing Assets/SuikaShaderFramework/Resources/Texture/Hair/SuikaHairInner.mat using Guid(d48975e27064aea49970d8e3791287a9) Importer(815301076,1909f56bfc062723c751e8b465ee728b)  -> (artifact id: 'd572f00be5df7a8f48df99c8344d88e7') in 0.629533 seconds 
  Import took 0.636643 seconds .

========================================================================
Received Import Request.
  Time since last request: 0.001891 seconds.
  path: Assets/SuikaShaderFramework/Resources/Texture/Hair/SuikaHairInner.mat
  artifactKey: Guid(d48975e27064aea49970d8e3791287a9) Importer(815301076,1909f56bfc062723c751e8b465ee728b)
Start importing Assets/SuikaShaderFramework/Resources/Texture/Hair/SuikaHairInner.mat using Guid(d48975e27064aea49970d8e3791287a9) Importer(815301076,1909f56bfc062723c751e8b465ee728b)  -> (artifact id: 'd572f00be5df7a8f48df99c8344d88e7') in 0.531863 seconds 
  Import took 0.538426 seconds .

========================================================================
Received Import Request.
  Time since last request: 3369.535591 seconds.
  path: Assets/SuikaShaderFramework/Resources/Texture/Hair/New Material 1.mat
  artifactKey: Guid(408b5432e76d5cf4cacb8e79be6347d0) Importer(815301076,1909f56bfc062723c751e8b465ee728b)
Start importing Assets/SuikaShaderFramework/Resources/Texture/Hair/New Material 1.mat using Guid(408b5432e76d5cf4cacb8e79be6347d0) Importer(815301076,1909f56bfc062723c751e8b465ee728b) Shader error in 'Suika/SuikaHair': 'WorldBitangent': no matching 1 parameter function at line 74 (on d3d11)

Compiling Vertex program with _SpecularGloss
Platform defines: UNITY_NO_DXT5nm UNITY_ENABLE_REFLECTION_BUFFERS UNITY_NO_CUBEMAP_ARRAY UNITY_NO_SCREENSPACE_SHADOWS UNITY_PBS_USE_BRDF2 SHADER_API_DESKTOP UNITY_LIGHTMAP_RGBM_ENCODING
Disabled keywords: _MAIN_LIGHT_SHADOWS _MAIN_LIGHT_SHADOWS_CASCADE _SHADOWS_SOFT DIRLIGHTMAP_COMBINED LIGHTMAP_ON CUTOUT BLEND _RoughnessMetallic UNITY_ENABLE_NATIVE_SHADOW_LOOKUPS UNITY_METAL_SHADOWS_USE_POINT_FILTERING UNITY_USE_DITHER_MASK_FOR_ALPHABLENDED_SHADOWS UNITY_PBS_USE_BRDF1 UNITY_PBS_USE_BRDF3 UNITY_NO_FULL_STANDARD_SHADER UNITY_SPECCUBE_BOX_PROJECTION UNITY_SPECCUBE_BLENDING UNITY_ENABLE_DETAIL_NORMALMAP UNITY_HARDWARE_TIER1 UNITY_HARDWARE_TIER2 UNITY_HARDWARE_TIER3 UNITY_COLORSPACE_GAMMA UNITY_LIGHT_PROBE_PROXY_VOLUME UNITY_HALF_PRECISION_FRAGMENT_SHADER_REGISTERS UNITY_LIGHTMAP_DLDR_ENCODING UNITY_LIGHTMAP_FULL_HDR UNITY_VIRTUAL_TEXTURING UNITY_PRETRANSFORM_TO_DISPLAY_ORIENTATION UNITY_ASTC_NORMALMAP_ENCODING SHADER_API_GLES30

Shader warning in 'Suika/SuikaHair': implicit truncation of vector type at line 72 (on d3d11)

Compiling Vertex program with _RoughnessMetallic
Platform defines: UNITY_NO_DXT5nm UNITY_ENABLE_REFLECTION_BUFFERS UNITY_NO_CUBEMAP_ARRAY UNITY_NO_SCREENSPACE_SHADOWS UNITY_PBS_USE_BRDF2 SHADER_API_DESKTOP UNITY_LIGHTMAP_RGBM_ENCODING
Disabled keywords: _MAIN_LIGHT_SHADOWS _MAIN_LIGHT_SHADOWS_CASCADE _SHADOWS_SOFT DIRLIGHTMAP_COMBINED LIGHTMAP_ON CUTOUT BLEND _SpecularGloss UNITY_ENABLE_NATIVE_SHADOW_LOOKUPS UNITY_METAL_SHADOWS_USE_POINT_FILTERING UNITY_USE_DITHER_MASK_FOR_ALPHABLENDED_SHADOWS UNITY_PBS_USE_BRDF1 UNITY_PBS_USE_BRDF3 UNITY_NO_FULL_STANDARD_SHADER UNITY_SPECCUBE_BOX_PROJECTION UNITY_SPECCUBE_BLENDING UNITY_ENABLE_DETAIL_NORMALMAP UNITY_HARDWARE_TIER1 UNITY_HARDWARE_TIER2 UNITY_HARDWARE_TIER3 UNITY_COLORSPACE_GAMMA UNITY_LIGHT_PROBE_PROXY_VOLUME UNITY_HALF_PRECISION_FRAGMENT_SHADER_REGISTERS UNITY_LIGHTMAP_DLDR_ENCODING UNITY_LIGHTMAP_FULL_HDR UNITY_VIRTUAL_TEXTURING UNITY_PRETRANSFORM_TO_DISPLAY_ORIENTATION UNITY_ASTC_NORMALMAP_ENCODING SHADER_API_GLES30

Shader warning in 'Suika/SuikaHair': implicit truncation of vector type at Assets/SuikaShaderFramework/Shader/include/SuikaBRDF.hlsl(260) (on d3d11)

Compiling Vertex program with _SpecularGloss
Platform defines: UNITY_NO_DXT5nm UNITY_ENABLE_REFLECTION_BUFFERS UNITY_NO_CUBEMAP_ARRAY UNITY_NO_SCREENSPACE_SHADOWS UNITY_PBS_USE_BRDF2 SHADER_API_DESKTOP UNITY_LIGHTMAP_RGBM_ENCODING
Disabled keywords: _MAIN_LIGHT_SHADOWS _MAIN_LIGHT_SHADOWS_CASCADE _SHADOWS_SOFT DIRLIGHTMAP_COMBINED LIGHTMAP_ON CUTOUT BLEND _RoughnessMetallic UNITY_ENABLE_NATIVE_SHADOW_LOOKUPS UNITY_METAL_SHADOWS_USE_POINT_FILTERING UNITY_USE_DITHER_MASK_FOR_ALPHABLENDED_SHADOWS UNITY_PBS_USE_BRDF1 UNITY_PBS_USE_BRDF3 UNITY_NO_FULL_STANDARD_SHADER UNITY_SPECCUBE_BOX_PROJECTION UNITY_SPECCUBE_BLENDING UNITY_ENABLE_DETAIL_NORMALMAP UNITY_HARDWARE_TIER1 UNITY_HARDWARE_TIER2 UNITY_HARDWARE_TIER3 UNITY_COLORSPACE_GAMMA UNITY_LIGHT_PROBE_PROXY_VOLUME UNITY_HALF_PRECISION_FRAGMENT_SHADER_REGISTERS UNITY_LIGHTMAP_DLDR_ENCODING UNITY_LIGHTMAP_FULL_HDR UNITY_VIRTUAL_TEXTURING UNITY_PRETRANSFORM_TO_DISPLAY_ORIENTATION UNITY_ASTC_NORMALMAP_ENCODING SHADER_API_GLES30

Shader warning in 'Suika/SuikaHair': implicit truncation of vector type at Assets/SuikaShaderFramework/Shader/include/SuikaBRDF.hlsl(261) (on d3d11)

Compiling Vertex program with _SpecularGloss
Platform defines: UNITY_NO_DXT5nm UNITY_ENABLE_REFLECTION_BUFFERS UNITY_NO_CUBEMAP_ARRAY UNITY_NO_SCREENSPACE_SHADOWS UNITY_PBS_USE_BRDF2 SHADER_API_DESKTOP UNITY_LIGHTMAP_RGBM_ENCODING
Disabled keywords: _MAIN_LIGHT_SHADOWS _MAIN_LIGHT_SHADOWS_CASCADE _SHADOWS_SOFT DIRLIGHTMAP_COMBINED LIGHTMAP_ON CUTOUT BLEND _RoughnessMetallic UNITY_ENABLE_NATIVE_SHADOW_LOOKUPS UNITY_METAL_SHADOWS_USE_POINT_FILTERING UNITY_USE_DITHER_MASK_FOR_ALPHABLENDED_SHADOWS UNITY_PBS_USE_BRDF1 UNITY_PBS_USE_BRDF3 UNITY_NO_FULL_STANDARD_SHADER UNITY_SPECCUBE_BOX_PROJECTION UNITY_SPECCUBE_BLENDING UNITY_ENABLE_DETAIL_NORMALMAP UNITY_HARDWARE_TIER1 UNITY_HARDWARE_TIER2 UNITY_HARDWARE_TIER3 UNITY_COLORSPACE_GAMMA UNITY_LIGHT_PROBE_PROXY_VOLUME UNITY_HALF_PRECISION_FRAGMENT_SHADER_REGISTERS UNITY_LIGHTMAP_DLDR_ENCODING UNITY_LIGHTMAP_FULL_HDR UNITY_VIRTUAL_TEXTURING UNITY_PRETRANSFORM_TO_DISPLAY_ORIENTATION UNITY_ASTC_NORMALMAP_ENCODING SHADER_API_GLES30

Shader warning in 'Suika/SuikaHair': 'multi_compile' : unknown pragma ignored at Assets/SuikaShaderFramework/Shader/include/SuikaCommon.hlsl(5) (on d3d11)

Compiling Vertex program with _RoughnessMetallic
Platform defines: UNITY_NO_DXT5nm UNITY_ENABLE_REFLECTION_BUFFERS UNITY_NO_CUBEMAP_ARRAY UNITY_NO_SCREENSPACE_SHADOWS UNITY_PBS_USE_BRDF2 SHADER_API_DESKTOP UNITY_LIGHTMAP_RGBM_ENCODING
Disabled keywords: _MAIN_LIGHT_SHADOWS _MAIN_LIGHT_SHADOWS_CASCADE _SHADOWS_SOFT DIRLIGHTMAP_COMBINED LIGHTMAP_ON CUTOUT BLEND _SpecularGloss UNITY_ENABLE_NATIVE_SHADOW_LOOKUPS UNITY_METAL_SHADOWS_USE_POINT_FILTERING UNITY_USE_DITHER_MASK_FOR_ALPHABLENDED_SHADOWS UNITY_PBS_USE_BRDF1 UNITY_PBS_USE_BRDF3 UNITY_NO_FULL_STANDARD_SHADER UNITY_SPECCUBE_BOX_PROJECTION UNITY_SPECCUBE_BLENDING UNITY_ENABLE_DETAIL_NORMALMAP UNITY_HARDWARE_TIER1 UNITY_HARDWARE_TIER2 UNITY_HARDWARE_TIER3 UNITY_COLORSPACE_GAMMA UNITY_LIGHT_PROBE_PROXY_VOLUME UNITY_HALF_PRECISION_FRAGMENT_SHADER_REGISTERS UNITY_LIGHTMAP_DLDR_ENCODING UNITY_LIGHTMAP_FULL_HDR UNITY_VIRTUAL_TEXTURING UNITY_PRETRANSFORM_TO_DISPLAY_ORIENTATION UNITY_ASTC_NORMALMAP_ENCODING SHADER_API_GLES30

Shader warning in 'Suika/SuikaHair': 'multi_compile' : unknown pragma ignored at Assets/SuikaShaderFramework/Shader/include/SuikaCommon.hlsl(6) (on d3d11)

Compiling Vertex program with _RoughnessMetallic
Platform defines: UNITY_NO_DXT5nm UNITY_ENABLE_REFLECTION_BUFFERS UNITY_NO_CUBEMAP_ARRAY UNITY_NO_SCREENSPACE_SHADOWS UNITY_PBS_USE_BRDF2 SHADER_API_DESKTOP UNITY_LIGHTMAP_RGBM_ENCODING
Disabled keywords: _MAIN_LIGHT_SHADOWS _MAIN_LIGHT_SHADOWS_CASCADE _SHADOWS_SOFT DIRLIGHTMAP_COMBINED LIGHTMAP_ON CUTOUT BLEND _SpecularGloss UNITY_ENABLE_NATIVE_SHADOW_LOOKUPS UNITY_METAL_SHADOWS_USE_POINT_FILTERING UNITY_USE_DITHER_MASK_FOR_ALPHABLENDED_SHADOWS UNITY_PBS_USE_BRDF1 UNITY_PBS_USE_BRDF3 UNITY_NO_FULL_STANDARD_SHADER UNITY_SPECCUBE_BOX_PROJECTION UNITY_SPECCUBE_BLENDING UNITY_ENABLE_DETAIL_NORMALMAP UNITY_HARDWARE_TIER1 UNITY_HARDWARE_TIER2 UNITY_HARDWARE_TIER3 UNITY_COLORSPACE_GAMMA UNITY_LIGHT_PROBE_PROXY_VOLUME UNITY_HALF_PRECISION_FRAGMENT_SHADER_REGISTERS UNITY_LIGHTMAP_DLDR_ENCODING UNITY_LIGHTMAP_FULL_HDR UNITY_VIRTUAL_TEXTURING UNITY_PRETRANSFORM_TO_DISPLAY_ORIENTATION UNITY_ASTC_NORMALMAP_ENCODING SHADER_API_GLES30

Shader warning in 'Suika/SuikaHair': 'multi_compile' : unknown pragma ignored at Assets/SuikaShaderFramework/Shader/include/SuikaCommon.hlsl(7) (on d3d11)

Compiling Vertex program with _RoughnessMetallic
Platform defines: UNITY_NO_DXT5nm UNITY_ENABLE_REFLECTION_BUFFERS UNITY_NO_CUBEMAP_ARRAY UNITY_NO_SCREENSPACE_SHADOWS UNITY_PBS_USE_BRDF2 SHADER_API_DESKTOP UNITY_LIGHTMAP_RGBM_ENCODING
Disabled keywords: _MAIN_LIGHT_SHADOWS _MAIN_LIGHT_SHADOWS_CASCADE _SHADOWS_SOFT DIRLIGHTMAP_COMBINED LIGHTMAP_ON CUTOUT BLEND _SpecularGloss UNITY_ENABLE_NATIVE_SHADOW_LOOKUPS UNITY_METAL_SHADOWS_USE_POINT_FILTERING UNITY_USE_DITHER_MASK_FOR_ALPHABLENDED_SHADOWS UNITY_PBS_USE_BRDF1 UNITY_PBS_USE_BRDF3 UNITY_NO_FULL_STANDARD_SHADER UNITY_SPECCUBE_BOX_PROJECTION UNITY_SPECCUBE_BLENDING UNITY_ENABLE_DETAIL_NORMALMAP UNITY_HARDWARE_TIER1 UNITY_HARDWARE_TIER2 UNITY_HARDWARE_TIER3 UNITY_COLORSPACE_GAMMA UNITY_LIGHT_PROBE_PROXY_VOLUME UNITY_HALF_PRECISION_FRAGMENT_SHADER_REGISTERS UNITY_LIGHTMAP_DLDR_ENCODING UNITY_LIGHTMAP_FULL_HDR UNITY_VIRTUAL_TEXTURING UNITY_PRETRANSFORM_TO_DISPLAY_ORIENTATION UNITY_ASTC_NORMALMAP_ENCODING SHADER_API_GLES30

Shader warning in 'Suika/SuikaHair': 'multi_compile' : unknown pragma ignored at Assets/SuikaShaderFramework/Shader/include/SuikaCommon.hlsl(8) (on d3d11)

Compiling Vertex program with _RoughnessMetallic
Platform defines: UNITY_NO_DXT5nm UNITY_ENABLE_REFLECTION_BUFFERS UNITY_NO_CUBEMAP_ARRAY UNITY_NO_SCREENSPACE_SHADOWS UNITY_PBS_USE_BRDF2 SHADER_API_DESKTOP UNITY_LIGHTMAP_RGBM_ENCODING
Disabled keywords: _MAIN_LIGHT_SHADOWS _MAIN_LIGHT_SHADOWS_CASCADE _SHADOWS_SOFT DIRLIGHTMAP_COMBINED LIGHTMAP_ON CUTOUT BLEND _SpecularGloss UNITY_ENABLE_NATIVE_SHADOW_LOOKUPS UNITY_METAL_SHADOWS_USE_POINT_FILTERING UNITY_USE_DITHER_MASK_FOR_ALPHABLENDED_SHADOWS UNITY_PBS_USE_BRDF1 UNITY_PBS_USE_BRDF3 UNITY_NO_FULL_STANDARD_SHADER UNITY_SPECCUBE_BOX_PROJECTION UNITY_SPECCUBE_BLENDING UNITY_ENABLE_DETAIL_NORMALMAP UNITY_HARDWARE_TIER1 UNITY_HARDWARE_TIER2 UNITY_HARDWARE_TIER3 UNITY_COLORSPACE_GAMMA UNITY_LIGHT_PROBE_PROXY_VOLUME UNITY_HALF_PRECISION_FRAGMENT_SHADER_REGISTERS UNITY_LIGHTMAP_DLDR_ENCODING UNITY_LIGHTMAP_FULL_HDR UNITY_VIRTUAL_TEXTURING UNITY_PRETRANSFORM_TO_DISPLAY_ORIENTATION UNITY_ASTC_NORMALMAP_ENCODING SHADER_API_GLES30

Shader warning in 'Suika/SuikaHair': 'multi_compile' : unknown pragma ignored at Assets/SuikaShaderFramework/Shader/include/SuikaCommon.hlsl(9) (on d3d11)

Compiling Vertex program with _RoughnessMetallic
Platform defines: UNITY_NO_DXT5nm UNITY_ENABLE_REFLECTION_BUFFERS UNITY_NO_CUBEMAP_ARRAY UNITY_NO_SCREENSPACE_SHADOWS UNITY_PBS_USE_BRDF2 SHADER_API_DESKTOP UNITY_LIGHTMAP_RGBM_ENCODING
Disabled keywords: _MAIN_LIGHT_SHADOWS _MAIN_LIGHT_SHADOWS_CASCADE _SHADOWS_SOFT DIRLIGHTMAP_COMBINED LIGHTMAP_ON CUTOUT BLEND _SpecularGloss UNITY_ENABLE_NATIVE_SHADOW_LOOKUPS UNITY_METAL_SHADOWS_USE_POINT_FILTERING UNITY_USE_DITHER_MASK_FOR_ALPHABLENDED_SHADOWS UNITY_PBS_USE_BRDF1 UNITY_PBS_USE_BRDF3 UNITY_NO_FULL_STANDARD_SHADER UNITY_SPECCUBE_BOX_PROJECTION UNITY_SPECCUBE_BLENDING UNITY_ENABLE_DETAIL_NORMALMAP UNITY_HARDWARE_TIER1 UNITY_HARDWARE_TIER2 UNITY_HARDWARE_TIER3 UNITY_COLORSPACE_GAMMA UNITY_LIGHT_PROBE_PROXY_VOLUME UNITY_HALF_PRECISION_FRAGMENT_SHADER_REGISTERS UNITY_LIGHTMAP_DLDR_ENCODING UNITY_LIGHTMAP_FULL_HDR UNITY_VIRTUAL_TEXTURING UNITY_PRETRANSFORM_TO_DISPLAY_ORIENTATION UNITY_ASTC_NORMALMAP_ENCODING SHADER_API_GLES30

Shader warning in 'Suika/SuikaHair': 'multi_compile' : unknown pragma ignored at Assets/SuikaShaderFramework/Shader/include/SuikaCommon.hlsl(10) (on d3d11)

Compiling Vertex program with _RoughnessMetallic
Platform defines: UNITY_NO_DXT5nm UNITY_ENABLE_REFLECTION_BUFFERS UNITY_NO_CUBEMAP_ARRAY UNITY_NO_SCREENSPACE_SHADOWS UNITY_PBS_USE_BRDF2 SHADER_API_DESKTOP UNITY_LIGHTMAP_RGBM_ENCODING
Disabled keywords: _MAIN_LIGHT_SHADOWS _MAIN_LIGHT_SHADOWS_CASCADE _SHADOWS_SOFT DIRLIGHTMAP_COMBINED LIGHTMAP_ON CUTOUT BLEND _SpecularGloss UNITY_ENABLE_NATIVE_SHADOW_LOOKUPS UNITY_METAL_SHADOWS_USE_POINT_FILTERING UNITY_USE_DITHER_MASK_FOR_ALPHABLENDED_SHADOWS UNITY_PBS_USE_BRDF1 UNITY_PBS_USE_BRDF3 UNITY_NO_FULL_STANDARD_SHADER UNITY_SPECCUBE_BOX_PROJECTION UNITY_SPECCUBE_BLENDING UNITY_ENABLE_DETAIL_NORMALMAP UNITY_HARDWARE_TIER1 UNITY_HARDWARE_TIER2 UNITY_HARDWARE_TIER3 UNITY_COLORSPACE_GAMMA UNITY_LIGHT_PROBE_PROXY_VOLUME UNITY_HALF_PRECISION_FRAGMENT_SHADER_REGISTERS UNITY_LIGHTMAP_DLDR_ENCODING UNITY_LIGHTMAP_FULL_HDR UNITY_VIRTUAL_TEXTURING UNITY_PRETRANSFORM_TO_DISPLAY_ORIENTATION UNITY_ASTC_NORMALMAP_ENCODING SHADER_API_GLES30

Shader warning in 'Suika/SuikaHair': 'multi_compile' : unknown pragma ignored at Assets/SuikaShaderFramework/Shader/include/SuikaCommon.hlsl(11) (on d3d11)

Compiling Vertex program with _RoughnessMetallic
Platform defines: UNITY_NO_DXT5nm UNITY_ENABLE_REFLECTION_BUFFERS UNITY_NO_CUBEMAP_ARRAY UNITY_NO_SCREENSPACE_SHADOWS UNITY_PBS_USE_BRDF2 SHADER_API_DESKTOP UNITY_LIGHTMAP_RGBM_ENCODING
Disabled keywords: _MAIN_LIGHT_SHADOWS _MAIN_LIGHT_SHADOWS_CASCADE _SHADOWS_SOFT DIRLIGHTMAP_COMBINED LIGHTMAP_ON CUTOUT BLEND _SpecularGloss UNITY_ENABLE_NATIVE_SHADOW_LOOKUPS UNITY_METAL_SHADOWS_USE_POINT_FILTERING UNITY_USE_DITHER_MASK_FOR_ALPHABLENDED_SHADOWS UNITY_PBS_USE_BRDF1 UNITY_PBS_USE_BRDF3 UNITY_NO_FULL_STANDARD_SHADER UNITY_SPECCUBE_BOX_PROJECTION UNITY_SPECCUBE_BLENDING UNITY_ENABLE_DETAIL_NORMALMAP UNITY_HARDWARE_TIER1 UNITY_HARDWARE_TIER2 UNITY_HARDWARE_TIER3 UNITY_COLORSPACE_GAMMA UNITY_LIGHT_PROBE_PROXY_VOLUME UNITY_HALF_PRECISION_FRAGMENT_SHADER_REGISTERS UNITY_LIGHTMAP_DLDR_ENCODING UNITY_LIGHTMAP_FULL_HDR UNITY_VIRTUAL_TEXTURING UNITY_PRETRANSFORM_TO_DISPLAY_ORIENTATION UNITY_ASTC_NORMALMAP_ENCODING SHADER_API_GLES30

Shader warning in 'Suika/SuikaHair': 'TransformObjectToHClip': implicit truncation of vector type at Assets/SuikaShaderFramework/Shader/include/SuikaCommon.hlsl(118) (on d3d11)

Compiling Vertex program with _RoughnessMetallic
Platform defines: UNITY_NO_DXT5nm UNITY_ENABLE_REFLECTION_BUFFERS UNITY_NO_CUBEMAP_ARRAY UNITY_NO_SCREENSPACE_SHADOWS UNITY_PBS_USE_BRDF2 SHADER_API_DESKTOP UNITY_LIGHTMAP_RGBM_ENCODING
Disabled keywords: _MAIN_LIGHT_SHADOWS _MAIN_LIGHT_SHADOWS_CASCADE _SHADOWS_SOFT DIRLIGHTMAP_COMBINED LIGHTMAP_ON CUTOUT BLEND _SpecularGloss UNITY_ENABLE_NATIVE_SHADOW_LOOKUPS UNITY_METAL_SHADOWS_USE_POINT_FILTERING UNITY_USE_DITHER_MASK_FOR_ALPHABLENDED_SHADOWS UNITY_PBS_USE_BRDF1 UNITY_PBS_USE_BRDF3 UNITY_NO_FULL_STANDARD_SHADER UNITY_SPECCUBE_BOX_PROJECTION UNITY_SPECCUBE_BLENDING UNITY_ENABLE_DETAIL_NORMALMAP UNITY_HARDWARE_TIER1 UNITY_HARDWARE_TIER2 UNITY_HARDWARE_TIER3 UNITY_COLORSPACE_GAMMA UNITY_LIGHT_PROBE_PROXY_VOLUME UNITY_HALF_PRECISION_FRAGMENT_SHADER_REGISTERS UNITY_LIGHTMAP_DLDR_ENCODING UNITY_LIGHTMAP_FULL_HDR UNITY_VIRTUAL_TEXTURING UNITY_PRETRANSFORM_TO_DISPLAY_ORIENTATION UNITY_ASTC_NORMALMAP_ENCODING SHADER_API_GLES30

Shader warning in 'Suika/SuikaHair': 'TransformObjectToWorld': implicit truncation of vector type at Assets/SuikaShaderFramework/Shader/include/SuikaCommon.hlsl(120) (on d3d11)

Compiling Vertex program with _RoughnessMetallic
Platform defines: UNITY_NO_DXT5nm UNITY_ENABLE_REFLECTION_BUFFERS UNITY_NO_CUBEMAP_ARRAY UNITY_NO_SCREENSPACE_SHADOWS UNITY_PBS_USE_BRDF2 SHADER_API_DESKTOP UNITY_LIGHTMAP_RGBM_ENCODING
Disabled keywords: _MAIN_LIGHT_SHADOWS _MAIN_LIGHT_SHADOWS_CASCADE _SHADOWS_SOFT DIRLIGHTMAP_COMBINED LIGHTMAP_ON CUTOUT BLEND _SpecularGloss UNITY_ENABLE_NATIVE_SHADOW_LOOKUPS UNITY_METAL_SHADOWS_USE_POINT_FILTERING UNITY_USE_DITHER_MASK_FOR_ALPHABLENDED_SHADOWS UNITY_PBS_USE_BRDF1 UNITY_PBS_USE_BRDF3 UNITY_NO_FULL_STANDARD_SHADER UNITY_SPECCUBE_BOX_PROJECTION UNITY_SPECCUBE_BLENDING UNITY_ENABLE_DETAIL_NORMALMAP UNITY_HARDWARE_TIER1 UNITY_HARDWARE_TIER2 UNITY_HARDWARE_TIER3 UNITY_COLORSPACE_GAMMA UNITY_LIGHT_PROBE_PROXY_VOLUME UNITY_HALF_PRECISION_FRAGMENT_SHADER_REGISTERS UNITY_LIGHTMAP_DLDR_ENCODING UNITY_LIGHTMAP_FULL_HDR UNITY_VIRTUAL_TEXTURING UNITY_PRETRANSFORM_TO_DISPLAY_ORIENTATION UNITY_ASTC_NORMALMAP_ENCODING SHADER_API_GLES30

Shader warning in 'Suika/SuikaHair': implicit truncation of vector type at Assets/SuikaShaderFramework/Shader/include/SuikaCommon.hlsl(233) (on d3d11)

Compiling Vertex program with _RoughnessMetallic
Platform defines: UNITY_NO_DXT5nm UNITY_ENABLE_REFLECTION_BUFFERS UNITY_NO_CUBEMAP_ARRAY UNITY_NO_SCREENSPACE_SHADOWS UNITY_PBS_USE_BRDF2 SHADER_API_DESKTOP UNITY_LIGHTMAP_RGBM_ENCODING
Disabled keywords: _MAIN_LIGHT_SHADOWS _MAIN_LIGHT_SHADOWS_CASCADE _SHADOWS_SOFT DIRLIGHTMAP_COMBINED LIGHTMAP_ON CUTOUT BLEND _SpecularGloss UNITY_ENABLE_NATIVE_SHADOW_LOOKUPS UNITY_METAL_SHADOWS_USE_POINT_FILTERING UNITY_USE_DITHER_MASK_FOR_ALPHABLENDED_SHADOWS UNITY_PBS_USE_BRDF1 UNITY_PBS_USE_BRDF3 UNITY_NO_FULL_STANDARD_SHADER UNITY_SPECCUBE_BOX_PROJECTION UNITY_SPECCUBE_BLENDING UNITY_ENABLE_DETAIL_NORMALMAP UNITY_HARDWARE_TIER1 UNITY_HARDWARE_TIER2 UNITY_HARDWARE_TIER3 UNITY_COLORSPACE_GAMMA UNITY_LIGHT_PROBE_PROXY_VOLUME UNITY_HALF_PRECISION_FRAGMENT_SHADER_REGISTERS UNITY_LIGHTMAP_DLDR_ENCODING UNITY_LIGHTMAP_FULL_HDR UNITY_VIRTUAL_TEXTURING UNITY_PRETRANSFORM_TO_DISPLAY_ORIENTATION UNITY_ASTC_NORMALMAP_ENCODING SHADER_API_GLES30

Shader warning in 'Suika/SuikaHair': 'lerp': implicit truncation of vector type at Assets/SuikaShaderFramework/Shader/include/SuikaCommon.hlsl(234) (on d3d11)

Compiling Vertex program with _RoughnessMetallic
Platform defines: UNITY_NO_DXT5nm UNITY_ENABLE_REFLECTION_BUFFERS UNITY_NO_CUBEMAP_ARRAY UNITY_NO_SCREENSPACE_SHADOWS UNITY_PBS_USE_BRDF2 SHADER_API_DESKTOP UNITY_LIGHTMAP_RGBM_ENCODING
Disabled keywords: _MAIN_LIGHT_SHADOWS _MAIN_LIGHT_SHADOWS_CASCADE _SHADOWS_SOFT DIRLIGHTMAP_COMBINED LIGHTMAP_ON CUTOUT BLEND _SpecularGloss UNITY_ENABLE_NATIVE_SHADOW_LOOKUPS UNITY_METAL_SHADOWS_USE_POINT_FILTERING UNITY_USE_DITHER_MASK_FOR_ALPHABLENDED_SHADOWS UNITY_PBS_USE_BRDF1 UNITY_PBS_USE_BRDF3 UNITY_NO_FULL_STANDARD_SHADER UNITY_SPECCUBE_BOX_PROJECTION UNITY_SPECCUBE_BLENDING UNITY_ENABLE_DETAIL_NORMALMAP UNITY_HARDWARE_TIER1 UNITY_HARDWARE_TIER2 UNITY_HARDWARE_TIER3 UNITY_COLORSPACE_GAMMA UNITY_LIGHT_PROBE_PROXY_VOLUME UNITY_HALF_PRECISION_FRAGMENT_SHADER_REGISTERS UNITY_LIGHTMAP_DLDR_ENCODING UNITY_LIGHTMAP_FULL_HDR UNITY_VIRTUAL_TEXTURING UNITY_PRETRANSFORM_TO_DISPLAY_ORIENTATION UNITY_ASTC_NORMALMAP_ENCODING SHADER_API_GLES30

Shader warning in 'Suika/SuikaHair': implicit truncation of vector type at Assets/SuikaShaderFramework/Shader/include/SuikaCommon.hlsl(245) (on d3d11)

Compiling Vertex program with LIGHTMAP_ON DIRLIGHTMAP_COMBINED _MAIN_LIGHT_SHADOWS _MAIN_LIGHT_SHADOWS_CASCADE _SHADOWS_SOFT CUTOUT _SpecularGloss
Platform defines: UNITY_NO_DXT5nm UNITY_ENABLE_REFLECTION_BUFFERS UNITY_NO_CUBEMAP_ARRAY UNITY_NO_SCREENSPACE_SHADOWS UNITY_PBS_USE_BRDF2 SHADER_API_DESKTOP UNITY_LIGHTMAP_RGBM_ENCODING
Disabled keywords: BLEND _RoughnessMetallic UNITY_ENABLE_NATIVE_SHADOW_LOOKUPS UNITY_METAL_SHADOWS_USE_POINT_FILTERING UNITY_USE_DITHER_MASK_FOR_ALPHABLENDED_SHADOWS UNITY_PBS_USE_BRDF1 UNITY_PBS_USE_BRDF3 UNITY_NO_FULL_STANDARD_SHADER UNITY_SPECCUBE_BOX_PROJECTION UNITY_SPECCUBE_BLENDING UNITY_ENABLE_DETAIL_NORMALMAP UNITY_HARDWARE_TIER1 UNITY_HARDWARE_TIER2 UNITY_HARDWARE_TIER3 UNITY_COLORSPACE_GAMMA UNITY_LIGHT_PROBE_PROXY_VOLUME UNITY_HALF_PRECISION_FRAGMENT_SHADER_REGISTERS UNITY_LIGHTMAP_DLDR_ENCODING UNITY_LIGHTMAP_FULL_HDR UNITY_VIRTUAL_TEXTURING UNITY_PRETRANSFORM_TO_DISPLAY_ORIENTATION UNITY_ASTC_NORMALMAP_ENCODING SHADER_API_GLES30

Shader warning in 'Suika/SuikaHair': implicit truncation of vector type at Assets/SuikaShaderFramework/Shader/include/SuikaCommon.hlsl(248) (on d3d11)

Compiling Vertex program with _SpecularGloss
Platform defines: UNITY_NO_DXT5nm UNITY_ENABLE_REFLECTION_BUFFERS UNITY_NO_CUBEMAP_ARRAY UNITY_NO_SCREENSPACE_SHADOWS UNITY_PBS_USE_BRDF2 SHADER_API_DESKTOP UNITY_LIGHTMAP_RGBM_ENCODING
Disabled keywords: _MAIN_LIGHT_SHADOWS _MAIN_LIGHT_SHADOWS_CASCADE _SHADOWS_SOFT DIRLIGHTMAP_COMBINED LIGHTMAP_ON CUTOUT BLEND _RoughnessMetallic UNITY_ENABLE_NATIVE_SHADOW_LOOKUPS UNITY_METAL_SHADOWS_USE_POINT_FILTERING UNITY_USE_DITHER_MASK_FOR_ALPHABLENDED_SHADOWS UNITY_PBS_USE_BRDF1 UNITY_PBS_USE_BRDF3 UNITY_NO_FULL_STANDARD_SHADER UNITY_SPECCUBE_BOX_PROJECTION UNITY_SPECCUBE_BLENDING UNITY_ENABLE_DETAIL_NORMALMAP UNITY_HARDWARE_TIER1 UNITY_HARDWARE_TIER2 UNITY_HARDWARE_TIER3 UNITY_COLORSPACE_GAMMA UNITY_LIGHT_PROBE_PROXY_VOLUME UNITY_HALF_PRECISION_FRAGMENT_SHADER_REGISTERS UNITY_LIGHTMAP_DLDR_ENCODING UNITY_LIGHTMAP_FULL_HDR UNITY_VIRTUAL_TEXTURING UNITY_PRETRANSFORM_TO_DISPLAY_ORIENTATION UNITY_ASTC_NORMALMAP_ENCODING SHADER_API_GLES30

Shader error in 'Suika/SuikaHair': 'WorldBitangent': no matching 1 parameter function at line 74 (on d3d11)

Compiling Vertex program with _SpecularGloss
Platform defines: UNITY_NO_DXT5nm UNITY_ENABLE_REFLECTION_BUFFERS UNITY_NO_CUBEMAP_ARRAY UNITY_NO_SCREENSPACE_SHADOWS UNITY_PBS_USE_BRDF2 SHADER_API_DESKTOP UNITY_LIGHTMAP_RGBM_ENCODING
Disabled keywords: _MAIN_LIGHT_SHADOWS _MAIN_LIGHT_SHADOWS_CASCADE _SHADOWS_SOFT DIRLIGHTMAP_COMBINED LIGHTMAP_ON CUTOUT BLEND _RoughnessMetallic UNITY_ENABLE_NATIVE_SHADOW_LOOKUPS UNITY_METAL_SHADOWS_USE_POINT_FILTERING UNITY_USE_DITHER_MASK_FOR_ALPHABLENDED_SHADOWS UNITY_PBS_USE_BRDF1 UNITY_PBS_USE_BRDF3 UNITY_NO_FULL_STANDARD_SHADER UNITY_SPECCUBE_BOX_PROJECTION UNITY_SPECCUBE_BLENDING UNITY_ENABLE_DETAIL_NORMALMAP UNITY_HARDWARE_TIER1 UNITY_HARDWARE_TIER2 UNITY_HARDWARE_TIER3 UNITY_COLORSPACE_GAMMA UNITY_LIGHT_PROBE_PROXY_VOLUME UNITY_HALF_PRECISION_FRAGMENT_SHADER_REGISTERS UNITY_LIGHTMAP_DLDR_ENCODING UNITY_LIGHTMAP_FULL_HDR UNITY_VIRTUAL_TEXTURING UNITY_PRETRANSFORM_TO_DISPLAY_ORIENTATION UNITY_ASTC_NORMALMAP_ENCODING SHADER_API_GLES30

Shader warning in 'Suika/SuikaHair': implicit truncation of vector type at line 72 (on d3d11)

Compiling Vertex program with _RoughnessMetallic
Platform defines: UNITY_NO_DXT5nm UNITY_ENABLE_REFLECTION_BUFFERS UNITY_NO_CUBEMAP_ARRAY UNITY_NO_SCREENSPACE_SHADOWS UNITY_PBS_USE_BRDF2 SHADER_API_DESKTOP UNITY_LIGHTMAP_RGBM_ENCODING
Disabled keywords: _MAIN_LIGHT_SHADOWS _MAIN_LIGHT_SHADOWS_CASCADE _SHADOWS_SOFT DIRLIGHTMAP_COMBINED LIGHTMAP_ON CUTOUT BLEND _SpecularGloss UNITY_ENABLE_NATIVE_SHADOW_LOOKUPS UNITY_METAL_SHADOWS_USE_POINT_FILTERING UNITY_USE_DITHER_MASK_FOR_ALPHABLENDED_SHADOWS UNITY_PBS_USE_BRDF1 UNITY_PBS_USE_BRDF3 UNITY_NO_FULL_STANDARD_SHADER UNITY_SPECCUBE_BOX_PROJECTION UNITY_SPECCUBE_BLENDING UNITY_ENABLE_DETAIL_NORMALMAP UNITY_HARDWARE_TIER1 UNITY_HARDWARE_TIER2 UNITY_HARDWARE_TIER3 UNITY_COLORSPACE_GAMMA UNITY_LIGHT_PROBE_PROXY_VOLUME UNITY_HALF_PRECISION_FRAGMENT_SHADER_REGISTERS UNITY_LIGHTMAP_DLDR_ENCODING UNITY_LIGHTMAP_FULL_HDR UNITY_VIRTUAL_TEXTURING UNITY_PRETRANSFORM_TO_DISPLAY_ORIENTATION UNITY_ASTC_NORMALMAP_ENCODING SHADER_API_GLES30

Shader warning in 'Suika/SuikaHair': implicit truncation of vector type at Assets/SuikaShaderFramework/Shader/include/SuikaBRDF.hlsl(260) (on d3d11)

Compiling Vertex program with _SpecularGloss
Platform defines: UNITY_NO_DXT5nm UNITY_ENABLE_REFLECTION_BUFFERS UNITY_NO_CUBEMAP_ARRAY UNITY_NO_SCREENSPACE_SHADOWS UNITY_PBS_USE_BRDF2 SHADER_API_DESKTOP UNITY_LIGHTMAP_RGBM_ENCODING
Disabled keywords: _MAIN_LIGHT_SHADOWS _MAIN_LIGHT_SHADOWS_CASCADE _SHADOWS_SOFT DIRLIGHTMAP_COMBINED LIGHTMAP_ON CUTOUT BLEND _RoughnessMetallic UNITY_ENABLE_NATIVE_SHADOW_LOOKUPS UNITY_METAL_SHADOWS_USE_POINT_FILTERING UNITY_USE_DITHER_MASK_FOR_ALPHABLENDED_SHADOWS UNITY_PBS_USE_BRDF1 UNITY_PBS_USE_BRDF3 UNITY_NO_FULL_STANDARD_SHADER UNITY_SPECCUBE_BOX_PROJECTION UNITY_SPECCUBE_BLENDING UNITY_ENABLE_DETAIL_NORMALMAP UNITY_HARDWARE_TIER1 UNITY_HARDWARE_TIER2 UNITY_HARDWARE_TIER3 UNITY_COLORSPACE_GAMMA UNITY_LIGHT_PROBE_PROXY_VOLUME UNITY_HALF_PRECISION_FRAGMENT_SHADER_REGISTERS UNITY_LIGHTMAP_DLDR_ENCODING UNITY_LIGHTMAP_FULL_HDR UNITY_VIRTUAL_TEXTURING UNITY_PRETRANSFORM_TO_DISPLAY_ORIENTATION UNITY_ASTC_NORMALMAP_ENCODING SHADER_API_GLES30

Shader warning in 'Suika/SuikaHair': implicit truncation of vector type at Assets/SuikaShaderFramework/Shader/include/SuikaBRDF.hlsl(261) (on d3d11)

Compiling Vertex program with _SpecularGloss
Platform defines: UNITY_NO_DXT5nm UNITY_ENABLE_REFLECTION_BUFFERS UNITY_NO_CUBEMAP_ARRAY UNITY_NO_SCREENSPACE_SHADOWS UNITY_PBS_USE_BRDF2 SHADER_API_DESKTOP UNITY_LIGHTMAP_RGBM_ENCODING
Disabled keywords: _MAIN_LIGHT_SHADOWS _MAIN_LIGHT_SHADOWS_CASCADE _SHADOWS_SOFT DIRLIGHTMAP_COMBINED LIGHTMAP_ON CUTOUT BLEND _RoughnessMetallic UNITY_ENABLE_NATIVE_SHADOW_LOOKUPS UNITY_METAL_SHADOWS_USE_POINT_FILTERING UNITY_USE_DITHER_MASK_FOR_ALPHABLENDED_SHADOWS UNITY_PBS_USE_BRDF1 UNITY_PBS_USE_BRDF3 UNITY_NO_FULL_STANDARD_SHADER UNITY_SPECCUBE_BOX_PROJECTION UNITY_SPECCUBE_BLENDING UNITY_ENABLE_DETAIL_NORMALMAP UNITY_HARDWARE_TIER1 UNITY_HARDWARE_TIER2 UNITY_HARDWARE_TIER3 UNITY_COLORSPACE_GAMMA UNITY_LIGHT_PROBE_PROXY_VOLUME UNITY_HALF_PRECISION_FRAGMENT_SHADER_REGISTERS UNITY_LIGHTMAP_DLDR_ENCODING UNITY_LIGHTMAP_FULL_HDR UNITY_VIRTUAL_TEXTURING UNITY_PRETRANSFORM_TO_DISPLAY_ORIENTATION UNITY_ASTC_NORMALMAP_ENCODING SHADER_API_GLES30

Shader warning in 'Suika/SuikaHair': 'multi_compile' : unknown pragma ignored at Assets/SuikaShaderFramework/Shader/include/SuikaCommon.hlsl(5) (on d3d11)

Compiling Vertex program with _RoughnessMetallic
Platform defines: UNITY_NO_DXT5nm UNITY_ENABLE_REFLECTION_BUFFERS UNITY_NO_CUBEMAP_ARRAY UNITY_NO_SCREENSPACE_SHADOWS UNITY_PBS_USE_BRDF2 SHADER_API_DESKTOP UNITY_LIGHTMAP_RGBM_ENCODING
Disabled keywords: _MAIN_LIGHT_SHADOWS _MAIN_LIGHT_SHADOWS_CASCADE _SHADOWS_SOFT DIRLIGHTMAP_COMBINED LIGHTMAP_ON CUTOUT BLEND _SpecularGloss UNITY_ENABLE_NATIVE_SHADOW_LOOKUPS UNITY_METAL_SHADOWS_USE_POINT_FILTERING UNITY_USE_DITHER_MASK_FOR_ALPHABLENDED_SHADOWS UNITY_PBS_USE_BRDF1 UNITY_PBS_USE_BRDF3 UNITY_NO_FULL_STANDARD_SHADER UNITY_SPECCUBE_BOX_PROJECTION UNITY_SPECCUBE_BLENDING UNITY_ENABLE_DETAIL_NORMALMAP UNITY_HARDWARE_TIER1 UNITY_HARDWARE_TIER2 UNITY_HARDWARE_TIER3 UNITY_COLORSPACE_GAMMA UNITY_LIGHT_PROBE_PROXY_VOLUME UNITY_HALF_PRECISION_FRAGMENT_SHADER_REGISTERS UNITY_LIGHTMAP_DLDR_ENCODING UNITY_LIGHTMAP_FULL_HDR UNITY_VIRTUAL_TEXTURING UNITY_PRETRANSFORM_TO_DISPLAY_ORIENTATION UNITY_ASTC_NORMALMAP_ENCODING SHADER_API_GLES30

Shader warning in 'Suika/SuikaHair': 'multi_compile' : unknown pragma ignored at Assets/SuikaShaderFramework/Shader/include/SuikaCommon.hlsl(6) (on d3d11)

Compiling Vertex program with _RoughnessMetallic
Platform defines: UNITY_NO_DXT5nm UNITY_ENABLE_REFLECTION_BUFFERS UNITY_NO_CUBEMAP_ARRAY UNITY_NO_SCREENSPACE_SHADOWS UNITY_PBS_USE_BRDF2 SHADER_API_DESKTOP UNITY_LIGHTMAP_RGBM_ENCODING
Disabled keywords: _MAIN_LIGHT_SHADOWS _MAIN_LIGHT_SHADOWS_CASCADE _SHADOWS_SOFT DIRLIGHTMAP_COMBINED LIGHTMAP_ON CUTOUT BLEND _SpecularGloss UNITY_ENABLE_NATIVE_SHADOW_LOOKUPS UNITY_METAL_SHADOWS_USE_POINT_FILTERING UNITY_USE_DITHER_MASK_FOR_ALPHABLENDED_SHADOWS UNITY_PBS_USE_BRDF1 UNITY_PBS_USE_BRDF3 UNITY_NO_FULL_STANDARD_SHADER UNITY_SPECCUBE_BOX_PROJECTION UNITY_SPECCUBE_BLENDING UNITY_ENABLE_DETAIL_NORMALMAP UNITY_HARDWARE_TIER1 UNITY_HARDWARE_TIER2 UNITY_HARDWARE_TIER3 UNITY_COLORSPACE_GAMMA UNITY_LIGHT_PROBE_PROXY_VOLUME UNITY_HALF_PRECISION_FRAGMENT_SHADER_REGISTERS UNITY_LIGHTMAP_DLDR_ENCODING UNITY_LIGHTMAP_FULL_HDR UNITY_VIRTUAL_TEXTURING UNITY_PRETRANSFORM_TO_DISPLAY_ORIENTATION UNITY_ASTC_NORMALMAP_ENCODING SHADER_API_GLES30

Shader warning in 'Suika/SuikaHair': 'multi_compile' : unknown pragma ignored at Assets/SuikaShaderFramework/Shader/include/SuikaCommon.hlsl(7) (on d3d11)

Compiling Vertex program with _RoughnessMetallic
Platform defines: UNITY_NO_DXT5nm UNITY_ENABLE_REFLECTION_BUFFERS UNITY_NO_CUBEMAP_ARRAY UNITY_NO_SCREENSPACE_SHADOWS UNITY_PBS_USE_BRDF2 SHADER_API_DESKTOP UNITY_LIGHTMAP_RGBM_ENCODING
Disabled keywords: _MAIN_LIGHT_SHADOWS _MAIN_LIGHT_SHADOWS_CASCADE _SHADOWS_SOFT DIRLIGHTMAP_COMBINED LIGHTMAP_ON CUTOUT BLEND _SpecularGloss UNITY_ENABLE_NATIVE_SHADOW_LOOKUPS UNITY_METAL_SHADOWS_USE_POINT_FILTERING UNITY_USE_DITHER_MASK_FOR_ALPHABLENDED_SHADOWS UNITY_PBS_USE_BRDF1 UNITY_PBS_USE_BRDF3 UNITY_NO_FULL_STANDARD_SHADER UNITY_SPECCUBE_BOX_PROJECTION UNITY_SPECCUBE_BLENDING UNITY_ENABLE_DETAIL_NORMALMAP UNITY_HARDWARE_TIER1 UNITY_HARDWARE_TIER2 UNITY_HARDWARE_TIER3 UNITY_COLORSPACE_GAMMA UNITY_LIGHT_PROBE_PROXY_VOLUME UNITY_HALF_PRECISION_FRAGMENT_SHADER_REGISTERS UNITY_LIGHTMAP_DLDR_ENCODING UNITY_LIGHTMAP_FULL_HDR UNITY_VIRTUAL_TEXTURING UNITY_PRETRANSFORM_TO_DISPLAY_ORIENTATION UNITY_ASTC_NORMALMAP_ENCODING SHADER_API_GLES30

Shader warning in 'Suika/SuikaHair': 'multi_compile' : unknown pragma ignored at Assets/SuikaShaderFramework/Shader/include/SuikaCommon.hlsl(8) (on d3d11)

Compiling Vertex program with _RoughnessMetallic
Platform defines: UNITY_NO_DXT5nm UNITY_ENABLE_REFLECTION_BUFFERS UNITY_NO_CUBEMAP_ARRAY UNITY_NO_SCREENSPACE_SHADOWS UNITY_PBS_USE_BRDF2 SHADER_API_DESKTOP UNITY_LIGHTMAP_RGBM_ENCODING
Disabled keywords: _MAIN_LIGHT_SHADOWS _MAIN_LIGHT_SHADOWS_CASCADE _SHADOWS_SOFT DIRLIGHTMAP_COMBINED LIGHTMAP_ON CUTOUT BLEND _SpecularGloss UNITY_ENABLE_NATIVE_SHADOW_LOOKUPS UNITY_METAL_SHADOWS_USE_POINT_FILTERING UNITY_USE_DITHER_MASK_FOR_ALPHABLENDED_SHADOWS UNITY_PBS_USE_BRDF1 UNITY_PBS_USE_BRDF3 UNITY_NO_FULL_STANDARD_SHADER UNITY_SPECCUBE_BOX_PROJECTION UNITY_SPECCUBE_BLENDING UNITY_ENABLE_DETAIL_NORMALMAP UNITY_HARDWARE_TIER1 UNITY_HARDWARE_TIER2 UNITY_HARDWARE_TIER3 UNITY_COLORSPACE_GAMMA UNITY_LIGHT_PROBE_PROXY_VOLUME UNITY_HALF_PRECISION_FRAGMENT_SHADER_REGISTERS UNITY_LIGHTMAP_DLDR_ENCODING UNITY_LIGHTMAP_FULL_HDR UNITY_VIRTUAL_TEXTURING UNITY_PRETRANSFORM_TO_DISPLAY_ORIENTATION UNITY_ASTC_NORMALMAP_ENCODING SHADER_API_GLES30

Shader warning in 'Suika/SuikaHair': 'multi_compile' : unknown pragma ignored at Assets/SuikaShaderFramework/Shader/include/SuikaCommon.hlsl(9) (on d3d11)

Compiling Vertex program with _RoughnessMetallic
Platform defines: UNITY_NO_DXT5nm UNITY_ENABLE_REFLECTION_BUFFERS UNITY_NO_CUBEMAP_ARRAY UNITY_NO_SCREENSPACE_SHADOWS UNITY_PBS_USE_BRDF2 SHADER_API_DESKTOP UNITY_LIGHTMAP_RGBM_ENCODING
Disabled keywords: _MAIN_LIGHT_SHADOWS _MAIN_LIGHT_SHADOWS_CASCADE _SHADOWS_SOFT DIRLIGHTMAP_COMBINED LIGHTMAP_ON CUTOUT BLEND _SpecularGloss UNITY_ENABLE_NATIVE_SHADOW_LOOKUPS UNITY_METAL_SHADOWS_USE_POINT_FILTERING UNITY_USE_DITHER_MASK_FOR_ALPHABLENDED_SHADOWS UNITY_PBS_USE_BRDF1 UNITY_PBS_USE_BRDF3 UNITY_NO_FULL_STANDARD_SHADER UNITY_SPECCUBE_BOX_PROJECTION UNITY_SPECCUBE_BLENDING UNITY_ENABLE_DETAIL_NORMALMAP UNITY_HARDWARE_TIER1 UNITY_HARDWARE_TIER2 UNITY_HARDWARE_TIER3 UNITY_COLORSPACE_GAMMA UNITY_LIGHT_PROBE_PROXY_VOLUME UNITY_HALF_PRECISION_FRAGMENT_SHADER_REGISTERS UNITY_LIGHTMAP_DLDR_ENCODING UNITY_LIGHTMAP_FULL_HDR UNITY_VIRTUAL_TEXTURING UNITY_PRETRANSFORM_TO_DISPLAY_ORIENTATION UNITY_ASTC_NORMALMAP_ENCODING SHADER_API_GLES30

Shader warning in 'Suika/SuikaHair': 'multi_compile' : unknown pragma ignored at Assets/SuikaShaderFramework/Shader/include/SuikaCommon.hlsl(10) (on d3d11)

Compiling Vertex program with _RoughnessMetallic
Platform defines: UNITY_NO_DXT5nm UNITY_ENABLE_REFLECTION_BUFFERS UNITY_NO_CUBEMAP_ARRAY UNITY_NO_SCREENSPACE_SHADOWS UNITY_PBS_USE_BRDF2 SHADER_API_DESKTOP UNITY_LIGHTMAP_RGBM_ENCODING
Disabled keywords: _MAIN_LIGHT_SHADOWS _MAIN_LIGHT_SHADOWS_CASCADE _SHADOWS_SOFT DIRLIGHTMAP_COMBINED LIGHTMAP_ON CUTOUT BLEND _SpecularGloss UNITY_ENABLE_NATIVE_SHADOW_LOOKUPS UNITY_METAL_SHADOWS_USE_POINT_FILTERING UNITY_USE_DITHER_MASK_FOR_ALPHABLENDED_SHADOWS UNITY_PBS_USE_BRDF1 UNITY_PBS_USE_BRDF3 UNITY_NO_FULL_STANDARD_SHADER UNITY_SPECCUBE_BOX_PROJECTION UNITY_SPECCUBE_BLENDING UNITY_ENABLE_DETAIL_NORMALMAP UNITY_HARDWARE_TIER1 UNITY_HARDWARE_TIER2 UNITY_HARDWARE_TIER3 UNITY_COLORSPACE_GAMMA UNITY_LIGHT_PROBE_PROXY_VOLUME UNITY_HALF_PRECISION_FRAGMENT_SHADER_REGISTERS UNITY_LIGHTMAP_DLDR_ENCODING UNITY_LIGHTMAP_FULL_HDR UNITY_VIRTUAL_TEXTURING UNITY_PRETRANSFORM_TO_DISPLAY_ORIENTATION UNITY_ASTC_NORMALMAP_ENCODING SHADER_API_GLES30

Shader warning in 'Suika/SuikaHair': 'multi_compile' : unknown pragma ignored at Assets/SuikaShaderFramework/Shader/include/SuikaCommon.hlsl(11) (on d3d11)

Compiling Vertex program with _RoughnessMetallic
Platform defines: UNITY_NO_DXT5nm UNITY_ENABLE_REFLECTION_BUFFERS UNITY_NO_CUBEMAP_ARRAY UNITY_NO_SCREENSPACE_SHADOWS UNITY_PBS_USE_BRDF2 SHADER_API_DESKTOP UNITY_LIGHTMAP_RGBM_ENCODING
Disabled keywords: _MAIN_LIGHT_SHADOWS _MAIN_LIGHT_SHADOWS_CASCADE _SHADOWS_SOFT DIRLIGHTMAP_COMBINED LIGHTMAP_ON CUTOUT BLEND _SpecularGloss UNITY_ENABLE_NATIVE_SHADOW_LOOKUPS UNITY_METAL_SHADOWS_USE_POINT_FILTERING UNITY_USE_DITHER_MASK_FOR_ALPHABLENDED_SHADOWS UNITY_PBS_USE_BRDF1 UNITY_PBS_USE_BRDF3 UNITY_NO_FULL_STANDARD_SHADER UNITY_SPECCUBE_BOX_PROJECTION UNITY_SPECCUBE_BLENDING UNITY_ENABLE_DETAIL_NORMALMAP UNITY_HARDWARE_TIER1 UNITY_HARDWARE_TIER2 UNITY_HARDWARE_TIER3 UNITY_COLORSPACE_GAMMA UNITY_LIGHT_PROBE_PROXY_VOLUME UNITY_HALF_PRECISION_FRAGMENT_SHADER_REGISTERS UNITY_LIGHTMAP_DLDR_ENCODING UNITY_LIGHTMAP_FULL_HDR UNITY_VIRTUAL_TEXTURING UNITY_PRETRANSFORM_TO_DISPLAY_ORIENTATION UNITY_ASTC_NORMALMAP_ENCODING SHADER_API_GLES30

Shader warning in 'Suika/SuikaHair': 'TransformObjectToHClip': implicit truncation of vector type at Assets/SuikaShaderFramework/Shader/include/SuikaCommon.hlsl(118) (on d3d11)

Compiling Vertex program with _RoughnessMetallic
Platform defines: UNITY_NO_DXT5nm UNITY_ENABLE_REFLECTION_BUFFERS UNITY_NO_CUBEMAP_ARRAY UNITY_NO_SCREENSPACE_SHADOWS UNITY_PBS_USE_BRDF2 SHADER_API_DESKTOP UNITY_LIGHTMAP_RGBM_ENCODING
Disabled keywords: _MAIN_LIGHT_SHADOWS _MAIN_LIGHT_SHADOWS_CASCADE _SHADOWS_SOFT DIRLIGHTMAP_COMBINED LIGHTMAP_ON CUTOUT BLEND _SpecularGloss UNITY_ENABLE_NATIVE_SHADOW_LOOKUPS UNITY_METAL_SHADOWS_USE_POINT_FILTERING UNITY_USE_DITHER_MASK_FOR_ALPHABLENDED_SHADOWS UNITY_PBS_USE_BRDF1 UNITY_PBS_USE_BRDF3 UNITY_NO_FULL_STANDARD_SHADER UNITY_SPECCUBE_BOX_PROJECTION UNITY_SPECCUBE_BLENDING UNITY_ENABLE_DETAIL_NORMALMAP UNITY_HARDWARE_TIER1 UNITY_HARDWARE_TIER2 UNITY_HARDWARE_TIER3 UNITY_COLORSPACE_GAMMA UNITY_LIGHT_PROBE_PROXY_VOLUME UNITY_HALF_PRECISION_FRAGMENT_SHADER_REGISTERS UNITY_LIGHTMAP_DLDR_ENCODING UNITY_LIGHTMAP_FULL_HDR UNITY_VIRTUAL_TEXTURING UNITY_PRETRANSFORM_TO_DISPLAY_ORIENTATION UNITY_ASTC_NORMALMAP_ENCODING SHADER_API_GLES30

Shader warning in 'Suika/SuikaHair': 'TransformObjectToWorld': implicit truncation of vector type at Assets/SuikaShaderFramework/Shader/include/SuikaCommon.hlsl(120) (on d3d11)

Compiling Vertex program with _RoughnessMetallic
Platform defines: UNITY_NO_DXT5nm UNITY_ENABLE_REFLECTION_BUFFERS UNITY_NO_CUBEMAP_ARRAY UNITY_NO_SCREENSPACE_SHADOWS UNITY_PBS_USE_BRDF2 SHADER_API_DESKTOP UNITY_LIGHTMAP_RGBM_ENCODING
Disabled keywords: _MAIN_LIGHT_SHADOWS _MAIN_LIGHT_SHADOWS_CASCADE _SHADOWS_SOFT DIRLIGHTMAP_COMBINED LIGHTMAP_ON CUTOUT BLEND _SpecularGloss UNITY_ENABLE_NATIVE_SHADOW_LOOKUPS UNITY_METAL_SHADOWS_USE_POINT_FILTERING UNITY_USE_DITHER_MASK_FOR_ALPHABLENDED_SHADOWS UNITY_PBS_USE_BRDF1 UNITY_PBS_USE_BRDF3 UNITY_NO_FULL_STANDARD_SHADER UNITY_SPECCUBE_BOX_PROJECTION UNITY_SPECCUBE_BLENDING UNITY_ENABLE_DETAIL_NORMALMAP UNITY_HARDWARE_TIER1 UNITY_HARDWARE_TIER2 UNITY_HARDWARE_TIER3 UNITY_COLORSPACE_GAMMA UNITY_LIGHT_PROBE_PROXY_VOLUME UNITY_HALF_PRECISION_FRAGMENT_SHADER_REGISTERS UNITY_LIGHTMAP_DLDR_ENCODING UNITY_LIGHTMAP_FULL_HDR UNITY_VIRTUAL_TEXTURING UNITY_PRETRANSFORM_TO_DISPLAY_ORIENTATION UNITY_ASTC_NORMALMAP_ENCODING SHADER_API_GLES30

Shader warning in 'Suika/SuikaHair': implicit truncation of vector type at Assets/SuikaShaderFramework/Shader/include/SuikaCommon.hlsl(233) (on d3d11)

Compiling Vertex program with _RoughnessMetallic
Platform defines: UNITY_NO_DXT5nm UNITY_ENABLE_REFLECTION_BUFFERS UNITY_NO_CUBEMAP_ARRAY UNITY_NO_SCREENSPACE_SHADOWS UNITY_PBS_USE_BRDF2 SHADER_API_DESKTOP UNITY_LIGHTMAP_RGBM_ENCODING
Disabled keywords: _MAIN_LIGHT_SHADOWS _MAIN_LIGHT_SHADOWS_CASCADE _SHADOWS_SOFT DIRLIGHTMAP_COMBINED LIGHTMAP_ON CUTOUT BLEND _SpecularGloss UNITY_ENABLE_NATIVE_SHADOW_LOOKUPS UNITY_METAL_SHADOWS_USE_POINT_FILTERING UNITY_USE_DITHER_MASK_FOR_ALPHABLENDED_SHADOWS UNITY_PBS_USE_BRDF1 UNITY_PBS_USE_BRDF3 UNITY_NO_FULL_STANDARD_SHADER UNITY_SPECCUBE_BOX_PROJECTION UNITY_SPECCUBE_BLENDING UNITY_ENABLE_DETAIL_NORMALMAP UNITY_HARDWARE_TIER1 UNITY_HARDWARE_TIER2 UNITY_HARDWARE_TIER3 UNITY_COLORSPACE_GAMMA UNITY_LIGHT_PROBE_PROXY_VOLUME UNITY_HALF_PRECISION_FRAGMENT_SHADER_REGISTERS UNITY_LIGHTMAP_DLDR_ENCODING UNITY_LIGHTMAP_FULL_HDR UNITY_VIRTUAL_TEXTURING UNITY_PRETRANSFORM_TO_DISPLAY_ORIENTATION UNITY_ASTC_NORMALMAP_ENCODING SHADER_API_GLES30

Shader warning in 'Suika/SuikaHair': 'lerp': implicit truncation of vector type at Assets/SuikaShaderFramework/Shader/include/SuikaCommon.hlsl(234) (on d3d11)

Compiling Vertex program with _RoughnessMetallic
Platform defines: UNITY_NO_DXT5nm UNITY_ENABLE_REFLECTION_BUFFERS UNITY_NO_CUBEMAP_ARRAY UNITY_NO_SCREENSPACE_SHADOWS UNITY_PBS_USE_BRDF2 SHADER_API_DESKTOP UNITY_LIGHTMAP_RGBM_ENCODING
Disabled keywords: _MAIN_LIGHT_SHADOWS _MAIN_LIGHT_SHADOWS_CASCADE _SHADOWS_SOFT DIRLIGHTMAP_COMBINED LIGHTMAP_ON CUTOUT BLEND _SpecularGloss UNITY_ENABLE_NATIVE_SHADOW_LOOKUPS UNITY_METAL_SHADOWS_USE_POINT_FILTERING UNITY_USE_DITHER_MASK_FOR_ALPHABLENDED_SHADOWS UNITY_PBS_USE_BRDF1 UNITY_PBS_USE_BRDF3 UNITY_NO_FULL_STANDARD_SHADER UNITY_SPECCUBE_BOX_PROJECTION UNITY_SPECCUBE_BLENDING UNITY_ENABLE_DETAIL_NORMALMAP UNITY_HARDWARE_TIER1 UNITY_HARDWARE_TIER2 UNITY_HARDWARE_TIER3 UNITY_COLORSPACE_GAMMA UNITY_LIGHT_PROBE_PROXY_VOLUME UNITY_HALF_PRECISION_FRAGMENT_SHADER_REGISTERS UNITY_LIGHTMAP_DLDR_ENCODING UNITY_LIGHTMAP_FULL_HDR UNITY_VIRTUAL_TEXTURING UNITY_PRETRANSFORM_TO_DISPLAY_ORIENTATION UNITY_ASTC_NORMALMAP_ENCODING SHADER_API_GLES30

Shader warning in 'Suika/SuikaHair': implicit truncation of vector type at Assets/SuikaShaderFramework/Shader/include/SuikaCommon.hlsl(245) (on d3d11)

Compiling Vertex program with LIGHTMAP_ON DIRLIGHTMAP_COMBINED _MAIN_LIGHT_SHADOWS _MAIN_LIGHT_SHADOWS_CASCADE _SHADOWS_SOFT CUTOUT _SpecularGloss
Platform defines: UNITY_NO_DXT5nm UNITY_ENABLE_REFLECTION_BUFFERS UNITY_NO_CUBEMAP_ARRAY UNITY_NO_SCREENSPACE_SHADOWS UNITY_PBS_USE_BRDF2 SHADER_API_DESKTOP UNITY_LIGHTMAP_RGBM_ENCODING
Disabled keywords: BLEND _RoughnessMetallic UNITY_ENABLE_NATIVE_SHADOW_LOOKUPS UNITY_METAL_SHADOWS_USE_POINT_FILTERING UNITY_USE_DITHER_MASK_FOR_ALPHABLENDED_SHADOWS UNITY_PBS_USE_BRDF1 UNITY_PBS_USE_BRDF3 UNITY_NO_FULL_STANDARD_SHADER UNITY_SPECCUBE_BOX_PROJECTION UNITY_SPECCUBE_BLENDING UNITY_ENABLE_DETAIL_NORMALMAP UNITY_HARDWARE_TIER1 UNITY_HARDWARE_TIER2 UNITY_HARDWARE_TIER3 UNITY_COLORSPACE_GAMMA UNITY_LIGHT_PROBE_PROXY_VOLUME UNITY_HALF_PRECISION_FRAGMENT_SHADER_REGISTERS UNITY_LIGHTMAP_DLDR_ENCODING UNITY_LIGHTMAP_FULL_HDR UNITY_VIRTUAL_TEXTURING UNITY_PRETRANSFORM_TO_DISPLAY_ORIENTATION UNITY_ASTC_NORMALMAP_ENCODING SHADER_API_GLES30

Shader warning in 'Suika/SuikaHair': implicit truncation of vector type at Assets/SuikaShaderFramework/Shader/include/SuikaCommon.hlsl(248) (on d3d11)

Compiling Vertex program with _SpecularGloss
Platform defines: UNITY_NO_DXT5nm UNITY_ENABLE_REFLECTION_BUFFERS UNITY_NO_CUBEMAP_ARRAY UNITY_NO_SCREENSPACE_SHADOWS UNITY_PBS_USE_BRDF2 SHADER_API_DESKTOP UNITY_LIGHTMAP_RGBM_ENCODING
Disabled keywords: _MAIN_LIGHT_SHADOWS _MAIN_LIGHT_SHADOWS_CASCADE _SHADOWS_SOFT DIRLIGHTMAP_COMBINED LIGHTMAP_ON CUTOUT BLEND _RoughnessMetallic UNITY_ENABLE_NATIVE_SHADOW_LOOKUPS UNITY_METAL_SHADOWS_USE_POINT_FILTERING UNITY_USE_DITHER_MASK_FOR_ALPHABLENDED_SHADOWS UNITY_PBS_USE_BRDF1 UNITY_PBS_USE_BRDF3 UNITY_NO_FULL_STANDARD_SHADER UNITY_SPECCUBE_BOX_PROJECTION UNITY_SPECCUBE_BLENDING UNITY_ENABLE_DETAIL_NORMALMAP UNITY_HARDWARE_TIER1 UNITY_HARDWARE_TIER2 UNITY_HARDWARE_TIER3 UNITY_COLORSPACE_GAMMA UNITY_LIGHT_PROBE_PROXY_VOLUME UNITY_HALF_PRECISION_FRAGMENT_SHADER_REGISTERS UNITY_LIGHTMAP_DLDR_ENCODING UNITY_LIGHTMAP_FULL_HDR UNITY_VIRTUAL_TEXTURING UNITY_PRETRANSFORM_TO_DISPLAY_ORIENTATION UNITY_ASTC_NORMALMAP_ENCODING SHADER_API_GLES30

 -> (artifact id: 'e03be2af6a8a159f2577d9e7d1ab0bae') in 0.099537 seconds 
  Import took 0.104047 seconds .

========================================================================
Received Import Request.
  Time since last request: 116.625770 seconds.
  path: Assets/SuikaShaderFramework/Resources/Texture/Hair/New Material 3.mat
  artifactKey: Guid(36488e27d66b62c44b210df1a2eef547) Importer(815301076,1909f56bfc062723c751e8b465ee728b)
Start importing Assets/SuikaShaderFramework/Resources/Texture/Hair/New Material 3.mat using Guid(36488e27d66b62c44b210df1a2eef547) Importer(815301076,1909f56bfc062723c751e8b465ee728b)  -> (artifact id: 'c0b5582e45cbac1756f02df989f21284') in 0.007789 seconds 
  Import took 0.029212 seconds .

========================================================================
Received Import Request.
  Time since last request: 10.086258 seconds.
  path: Assets/SuikaShaderFramework/Resources/Texture/Hair/New Material 3.mat
  artifactKey: Guid(36488e27d66b62c44b210df1a2eef547) Importer(815301076,1909f56bfc062723c751e8b465ee728b)
Start importing Assets/SuikaShaderFramework/Resources/Texture/Hair/New Material 3.mat using Guid(36488e27d66b62c44b210df1a2eef547) Importer(815301076,1909f56bfc062723c751e8b465ee728b)  -> (artifact id: '7097cb86fa2a75c5f2156c8c1b487fb0') in 0.255420 seconds 
  Import took 0.276342 seconds .

========================================================================
Received Import Request.
  Time since last request: 4.232765 seconds.
  path: Assets/SuikaShaderFramework/Resources/Texture/Hair/New Material 3.mat
  artifactKey: Guid(36488e27d66b62c44b210df1a2eef547) Importer(815301076,1909f56bfc062723c751e8b465ee728b)
Start importing Assets/SuikaShaderFramework/Resources/Texture/Hair/New Material 3.mat using Guid(36488e27d66b62c44b210df1a2eef547) Importer(815301076,1909f56bfc062723c751e8b465ee728b)  -> (artifact id: 'e904391c997877a7e2bc3c9fa02e2f5f') in 0.143911 seconds 
  Import took 0.239569 seconds .

========================================================================
Received Import Request.
  Time since last request: 275.716643 seconds.
  path: Assets/SuikaShaderFramework/Resources/Texture/Hair/SuikaHairOuter.mat
  artifactKey: Guid(e848a346336010244b7c28844407d63b) Importer(815301076,1909f56bfc062723c751e8b465ee728b)
Start importing Assets/SuikaShaderFramework/Resources/Texture/Hair/SuikaHairOuter.mat using Guid(e848a346336010244b7c28844407d63b) Importer(815301076,1909f56bfc062723c751e8b465ee728b)  -> (artifact id: 'fdd2e741c3565d5da2a428cd69a2bbe1') in 0.524859 seconds 
  Import took 0.547193 seconds .

========================================================================
Received Import Request.
  Time since last request: 8.871689 seconds.
  path: Assets/SuikaShaderFramework/Resources/Texture/Hair/SuikaHairInner.mat
  artifactKey: Guid(d48975e27064aea49970d8e3791287a9) Importer(815301076,1909f56bfc062723c751e8b465ee728b)
Start importing Assets/SuikaShaderFramework/Resources/Texture/Hair/SuikaHairInner.mat using Guid(d48975e27064aea49970d8e3791287a9) Importer(815301076,1909f56bfc062723c751e8b465ee728b)  -> (artifact id: 'ccf952b88150d50a9cb8d3b518248ade') in 0.549820 seconds 
  Import took 0.556662 seconds .

========================================================================
Received Import Request.
  Time since last request: 136.792990 seconds.
  path: Assets/SuikaShaderFramework/Resources/Texture/Hair/normal_ao_1.png
  artifactKey: Guid(a2ded1f195e3afd488b4c2e72677f161) Importer(815301076,1909f56bfc062723c751e8b465ee728b)
Start importing Assets/SuikaShaderFramework/Resources/Texture/Hair/normal_ao_1.png using Guid(a2ded1f195e3afd488b4c2e72677f161) Importer(815301076,1909f56bfc062723c751e8b465ee728b)  -> (artifact id: 'a386386ae21df5380e25ef704efd49ae') in 0.186537 seconds 
  Import took 0.191665 seconds .

========================================================================
Received Import Request.
  Time since last request: 112.469924 seconds.
  path: Assets/SuikaShaderFramework/Resources/Texture/Hair/ao_opacity.png
  artifactKey: Guid(5d23adb8728531843bc5c872f443dcce) Importer(815301076,1909f56bfc062723c751e8b465ee728b)
Start importing Assets/SuikaShaderFramework/Resources/Texture/Hair/ao_opacity.png using Guid(5d23adb8728531843bc5c872f443dcce) Importer(815301076,1909f56bfc062723c751e8b465ee728b)  -> (artifact id: 'b8fbc59d9033877c1e95ecd273191d12') in 0.202523 seconds 
  Import took 0.208247 seconds .

========================================================================
Received Import Request.
  Time since last request: 68.650895 seconds.
  path: Assets/SuikaShaderFramework/Resources/Texture/Hair/SuikaHairInner.mat
  artifactKey: Guid(d48975e27064aea49970d8e3791287a9) Importer(815301076,1909f56bfc062723c751e8b465ee728b)
Start importing Assets/SuikaShaderFramework/Resources/Texture/Hair/SuikaHairInner.mat using Guid(d48975e27064aea49970d8e3791287a9) Importer(815301076,1909f56bfc062723c751e8b465ee728b)  -> (artifact id: '4caefe37f3cfc6899968a48d78a03854') in 0.626352 seconds 
  Import took 0.633634 seconds .

========================================================================
Received Import Request.
  Time since last request: 2.446151 seconds.
  path: Assets/SuikaShaderFramework/Resources/Texture/Hair/SuikaHairInner.mat
  artifactKey: Guid(d48975e27064aea49970d8e3791287a9) Importer(815301076,1909f56bfc062723c751e8b465ee728b)
Start importing Assets/SuikaShaderFramework/Resources/Texture/Hair/SuikaHairInner.mat using Guid(d48975e27064aea49970d8e3791287a9) Importer(815301076,1909f56bfc062723c751e8b465ee728b)  -> (artifact id: '66b107f0cc2606542bca80ef5c9a35d0') in 0.596468 seconds 
  Import took 0.617811 seconds .

========================================================================
Received Import Request.
  Time since last request: 53.668046 seconds.
  path: Assets/SuikaShaderFramework/Resources/Texture/Hair/SuikaHairInner.mat
  artifactKey: Guid(d48975e27064aea49970d8e3791287a9) Importer(815301076,1909f56bfc062723c751e8b465ee728b)
Start importing Assets/SuikaShaderFramework/Resources/Texture/Hair/SuikaHairInner.mat using Guid(d48975e27064aea49970d8e3791287a9) Importer(815301076,1909f56bfc062723c751e8b465ee728b)  -> (artifact id: '36a0454e7ec9726efdb6250f0577c3e0') in 0.667050 seconds 
  Import took 0.673132 seconds .

========================================================================
Received Import Request.
  Time since last request: 3.510739 seconds.
  path: Assets/SuikaShaderFramework/Resources/Texture/Hair/SuikaHairInner.mat
  artifactKey: Guid(d48975e27064aea49970d8e3791287a9) Importer(815301076,1909f56bfc062723c751e8b465ee728b)
Start importing Assets/SuikaShaderFramework/Resources/Texture/Hair/SuikaHairInner.mat using Guid(d48975e27064aea49970d8e3791287a9) Importer(815301076,1909f56bfc062723c751e8b465ee728b)  -> (artifact id: 'd27b9e0da8ab146f3200a71e09f2d0a7') in 0.458819 seconds 
  Import took 0.471177 seconds .

========================================================================
Received Import Request.
  Time since last request: 5.130784 seconds.
  path: Assets/SuikaShaderFramework/Resources/Texture/Hair/SuikaHairInner.mat
  artifactKey: Guid(d48975e27064aea49970d8e3791287a9) Importer(815301076,1909f56bfc062723c751e8b465ee728b)
Start importing Assets/SuikaShaderFramework/Resources/Texture/Hair/SuikaHairInner.mat using Guid(d48975e27064aea49970d8e3791287a9) Importer(815301076,1909f56bfc062723c751e8b465ee728b)  -> (artifact id: 'd21280e44a341815adc262314057ca19') in 0.525905 seconds 
  Import took 0.532617 seconds .

========================================================================
Received Import Request.
  Time since last request: 5.755095 seconds.
  path: Assets/SuikaShaderFramework/Resources/Texture/Hair/SuikaHairInner.mat
  artifactKey: Guid(d48975e27064aea49970d8e3791287a9) Importer(815301076,1909f56bfc062723c751e8b465ee728b)
Start importing Assets/SuikaShaderFramework/Resources/Texture/Hair/SuikaHairInner.mat using Guid(d48975e27064aea49970d8e3791287a9) Importer(815301076,1909f56bfc062723c751e8b465ee728b)  -> (artifact id: '711cf8963474d365ae5741d383ad7e59') in 0.517921 seconds 
  Import took 0.524623 seconds .

========================================================================
Received Import Request.
  Time since last request: 23.912249 seconds.
  path: Assets/SuikaShaderFramework/Resources/Texture/Hair/SuikaHairInner.mat
  artifactKey: Guid(d48975e27064aea49970d8e3791287a9) Importer(815301076,1909f56bfc062723c751e8b465ee728b)
Start importing Assets/SuikaShaderFramework/Resources/Texture/Hair/SuikaHairInner.mat using Guid(d48975e27064aea49970d8e3791287a9) Importer(815301076,1909f56bfc062723c751e8b465ee728b)  -> (artifact id: '4bea27563bc42ff9d262ba1592971ed9') in 0.515055 seconds 
  Import took 0.541640 seconds .

========================================================================
Received Import Request.
  Time since last request: 40.058432 seconds.
  path: Assets/SuikaShaderFramework/Resources/Texture/Hair/SuikaHairInner.mat
  artifactKey: Guid(d48975e27064aea49970d8e3791287a9) Importer(815301076,1909f56bfc062723c751e8b465ee728b)
Start importing Assets/SuikaShaderFramework/Resources/Texture/Hair/SuikaHairInner.mat using Guid(d48975e27064aea49970d8e3791287a9) Importer(815301076,1909f56bfc062723c751e8b465ee728b)  -> (artifact id: '57d48035594b2cd9ae56bbd5be8bd3ff') in 0.504571 seconds 
  Import took 0.511406 seconds .

========================================================================
Received Import Request.
  Time since last request: 113.527345 seconds.
  path: Assets/SuikaShaderFramework/Resources/Texture/Hair/New Material 2.mat
  artifactKey: Guid(a4b2e7a80f529854eb03232bcd00e9ba) Importer(815301076,1909f56bfc062723c751e8b465ee728b)
Start importing Assets/SuikaShaderFramework/Resources/Texture/Hair/New Material 2.mat using Guid(a4b2e7a80f529854eb03232bcd00e9ba) Importer(815301076,1909f56bfc062723c751e8b465ee728b)  -> (artifact id: 'c2c9c97c566d6e6a4623e5db1795366d') in 0.006581 seconds 
  Import took 0.011039 seconds .

========================================================================
Received Import Request.
  Time since last request: 2.775355 seconds.
  path: Assets/SuikaShaderFramework/Resources/Texture/Hair/New Material 2.mat
  artifactKey: Guid(a4b2e7a80f529854eb03232bcd00e9ba) Importer(815301076,1909f56bfc062723c751e8b465ee728b)
Start importing Assets/SuikaShaderFramework/Resources/Texture/Hair/New Material 2.mat using Guid(a4b2e7a80f529854eb03232bcd00e9ba) Importer(815301076,1909f56bfc062723c751e8b465ee728b)  -> (artifact id: 'dc2fbeeb4559a39218f3b8b5b913db17') in 0.009399 seconds 
  Import took 0.021275 seconds .

========================================================================
Received Import Request.
  Time since last request: 4.392294 seconds.
  path: Assets/SuikaShaderFramework/Resources/Texture/Hair/New Material 2.mat
  artifactKey: Guid(a4b2e7a80f529854eb03232bcd00e9ba) Importer(815301076,1909f56bfc062723c751e8b465ee728b)
Start importing Assets/SuikaShaderFramework/Resources/Texture/Hair/New Material 2.mat using Guid(a4b2e7a80f529854eb03232bcd00e9ba) Importer(815301076,1909f56bfc062723c751e8b465ee728b)  -> (artifact id: 'e8ddf7ec54a020f84b0a454d34b47920') in 0.183794 seconds 
  Import took 0.188608 seconds .

========================================================================
Received Import Request.
  Time since last request: 349.457510 seconds.
  path: Assets/SuikaShaderFramework/Editor/SuikaHairShaderGUI.cs
  artifactKey: Guid(9d6c84e752d1d29459a2af64f32a15a8) Importer(815301076,1909f56bfc062723c751e8b465ee728b)
Start importing Assets/SuikaShaderFramework/Editor/SuikaHairShaderGUI.cs using Guid(9d6c84e752d1d29459a2af64f32a15a8) Importer(815301076,1909f56bfc062723c751e8b465ee728b)  -> (artifact id: '482a0d5095f337a35e15f503796a8061') in 0.016072 seconds 
  Import took 0.020355 seconds .

========================================================================
Received Import Request.
  Time since last request: 27.169925 seconds.
  path: Assets/SuikaShaderFramework/Editor/SuikaHairShaderGUI.cs
  artifactKey: Guid(9d6c84e752d1d29459a2af64f32a15a8) Importer(815301076,1909f56bfc062723c751e8b465ee728b)
Start importing Assets/SuikaShaderFramework/Editor/SuikaHairShaderGUI.cs using Guid(9d6c84e752d1d29459a2af64f32a15a8) Importer(815301076,1909f56bfc062723c751e8b465ee728b)  -> (artifact id: '64784dcefc240a9026d4f868b995351b') in 0.002850 seconds 
  Import took 0.006658 seconds .

========================================================================
Received Import Request.
  Time since last request: 1.973391 seconds.
  path: Assets/SuikaShaderFramework/Editor/SuikaHairShaderGUI.cs
  artifactKey: Guid(9d6c84e752d1d29459a2af64f32a15a8) Importer(815301076,1909f56bfc062723c751e8b465ee728b)
Start importing Assets/SuikaShaderFramework/Editor/SuikaHairShaderGUI.cs using Guid(9d6c84e752d1d29459a2af64f32a15a8) Importer(815301076,1909f56bfc062723c751e8b465ee728b)  -> (artifact id: 'b4f45bb17e11bb5b4214cd64b03ed42c') in 0.001736 seconds 
  Import took 0.005461 seconds .

========================================================================
Received Import Request.
  Time since last request: 7.287227 seconds.
  path: Assets/SuikaShaderFramework/Editor/SuikaHairShaderGUI.cs
  artifactKey: Guid(9d6c84e752d1d29459a2af64f32a15a8) Importer(815301076,1909f56bfc062723c751e8b465ee728b)
Start importing Assets/SuikaShaderFramework/Editor/SuikaHairShaderGUI.cs using Guid(9d6c84e752d1d29459a2af64f32a15a8) Importer(815301076,1909f56bfc062723c751e8b465ee728b)  -> (artifact id: '483a668fee77886241589dd4dfed759c') in 0.005627 seconds 
  Import took 0.012830 seconds .

========================================================================
Received Import Request.
  Time since last request: 10.089202 seconds.
  path: Assets/SuikaShaderFramework/Editor/SuikaHairShaderGUI.cs
  artifactKey: Guid(9d6c84e752d1d29459a2af64f32a15a8) Importer(815301076,1909f56bfc062723c751e8b465ee728b)
Start importing Assets/SuikaShaderFramework/Editor/SuikaHairShaderGUI.cs using Guid(9d6c84e752d1d29459a2af64f32a15a8) Importer(815301076,1909f56bfc062723c751e8b465ee728b)  -> (artifact id: '71ca9367ceae2cdf966392866d63382f') in 0.002930 seconds 
  Import took 0.160653 seconds .

========================================================================
Received Import Request.
  Time since last request: 18.160810 seconds.
  path: Assets/SuikaShaderFramework/Editor/SuikaHairShaderGUI.cs
  artifactKey: Guid(9d6c84e752d1d29459a2af64f32a15a8) Importer(815301076,1909f56bfc062723c751e8b465ee728b)
Start importing Assets/SuikaShaderFramework/Editor/SuikaHairShaderGUI.cs using Guid(9d6c84e752d1d29459a2af64f32a15a8) Importer(815301076,1909f56bfc062723c751e8b465ee728b)  -> (artifact id: '00000000000000000000000000000000') in 0.001014 seconds  code(4) message(Build asset version error: assets/suikashaderframework/editor/suikahairshadergui.cs in SourceAssetDB has modification time of '2021-08-06T03:06:14.8072802Z' while content on disk has modification time of '2021-08-06T03:06:15.3013573Z')
  ERROR: Build asset version error: assets/suikashaderframework/editor/suikahairshadergui.cs in SourceAssetDB has modification time of '2021-08-06T03:06:14.8072802Z' while content on disk has modification time of '2021-08-06T03:06:15.3013573Z'
  Import took 0.004652 seconds .

========================================================================
Received Import Request.
  Time since last request: 0.029374 seconds.
  path: Assets/SuikaShaderFramework/Editor/SuikaHairShaderGUI.cs
  artifactKey: Guid(9d6c84e752d1d29459a2af64f32a15a8) Importer(815301076,1909f56bfc062723c751e8b465ee728b)
Start importing Assets/SuikaShaderFramework/Editor/SuikaHairShaderGUI.cs using Guid(9d6c84e752d1d29459a2af64f32a15a8) Importer(815301076,1909f56bfc062723c751e8b465ee728b)  -> (artifact id: '00000000000000000000000000000000') in 0.000230 seconds  code(4) message(Build asset version error: assets/suikashaderframework/editor/suikahairshadergui.cs in SourceAssetDB has modification time of '2021-08-06T03:06:14.8072802Z' while content on disk has modification time of '2021-08-06T03:06:15.3013573Z')
  ERROR: Build asset version error: assets/suikashaderframework/editor/suikahairshadergui.cs in SourceAssetDB has modification time of '2021-08-06T03:06:14.8072802Z' while content on disk has modification time of '2021-08-06T03:06:15.3013573Z'
  Import took 0.003843 seconds .

========================================================================
Received Import Request.
  Time since last request: 0.039075 seconds.
  path: Assets/SuikaShaderFramework/Editor/SuikaHairShaderGUI.cs
  artifactKey: Guid(9d6c84e752d1d29459a2af64f32a15a8) Importer(815301076,1909f56bfc062723c751e8b465ee728b)
Start importing Assets/SuikaShaderFramework/Editor/SuikaHairShaderGUI.cs using Guid(9d6c84e752d1d29459a2af64f32a15a8) Importer(815301076,1909f56bfc062723c751e8b465ee728b)  -> (artifact id: '97f42d73bd5c008e12c08333a4d2336f') in 0.002112 seconds 
  Import took 0.005895 seconds .

========================================================================
Received Import Request.
  Time since last request: 3.705603 seconds.
  path: Assets/SuikaShaderFramework/Editor/SuikaHairShaderGUI.cs
  artifactKey: Guid(9d6c84e752d1d29459a2af64f32a15a8) Importer(815301076,1909f56bfc062723c751e8b465ee728b)
Start importing Assets/SuikaShaderFramework/Editor/SuikaHairShaderGUI.cs using Guid(9d6c84e752d1d29459a2af64f32a15a8) Importer(815301076,1909f56bfc062723c751e8b465ee728b)  -> (artifact id: 'd33f873301a02789e925630f58207c2c') in 0.002221 seconds 
  Import took 0.024275 seconds .

========================================================================
Received Import Request.
  Time since last request: 2.214868 seconds.
  path: Assets/SuikaShaderFramework/Editor/SuikaHairShaderGUI.cs
  artifactKey: Guid(9d6c84e752d1d29459a2af64f32a15a8) Importer(815301076,1909f56bfc062723c751e8b465ee728b)
Start importing Assets/SuikaShaderFramework/Editor/SuikaHairShaderGUI.cs using Guid(9d6c84e752d1d29459a2af64f32a15a8) Importer(815301076,1909f56bfc062723c751e8b465ee728b)  -> (artifact id: 'b8de625f4f96d504dd7f7d066483b8e6') in 0.002096 seconds 
  Import took 0.006240 seconds .

========================================================================
Received Import Request.
  Time since last request: 2.138559 seconds.
  path: Assets/SuikaShaderFramework/Editor/SuikaHairShaderGUI.cs
  artifactKey: Guid(9d6c84e752d1d29459a2af64f32a15a8) Importer(815301076,1909f56bfc062723c751e8b465ee728b)
Start importing Assets/SuikaShaderFramework/Editor/SuikaHairShaderGUI.cs using Guid(9d6c84e752d1d29459a2af64f32a15a8) Importer(815301076,1909f56bfc062723c751e8b465ee728b)  -> (artifact id: 'c2f013635ed5f68066e6558cad62763b') in 0.002528 seconds 
  Import took 0.006423 seconds .

========================================================================
Received Import Request.
  Time since last request: 2.503635 seconds.
  path: Assets/SuikaShaderFramework/Editor/SuikaHairShaderGUI.cs
  artifactKey: Guid(9d6c84e752d1d29459a2af64f32a15a8) Importer(815301076,1909f56bfc062723c751e8b465ee728b)
Start importing Assets/SuikaShaderFramework/Editor/SuikaHairShaderGUI.cs using Guid(9d6c84e752d1d29459a2af64f32a15a8) Importer(815301076,1909f56bfc062723c751e8b465ee728b)  -> (artifact id: '96d15adc8eb7b17c20d7dfe0023d0866') in 0.001778 seconds 
  Import took 0.074272 seconds .

========================================================================
Received Prepare
Registering precompiled user dll's ...
Registered in 0.006399 seconds.
Begin MonoManager ReloadAssembly
Native extension for WindowsStandalone target not found
Refreshing native plugins compatible for Editor in 0.53 ms, found 2 plugins.
Preloading 0 native plugins for Editor in 0.00 ms.
Mono: successfully reloaded assembly
- Completed reload, in  1.044 seconds
Platform modules already initialized, skipping
Switching build target platform(19) subTarget(0) extendedPlatform(0) -> platform(13) subTarget(537395200) extendedPlatform(0)
Shader 'Universal Render Pipeline/Particles/Lit': fallback shader 'Universal Render Pipeline/Particles/SimpleLit' not found
Refreshing native plugins compatible for Editor in 0.56 ms, found 2 plugins.
Preloading 0 native plugins for Editor in 0.00 ms.
Unloading 2741 Unused Serialized files (Serialized files now loaded: 0)
System memory in use before: 127.5 MB.
System memory in use after: 127.8 MB.

Unloading 15 unused Assets to reduce memory usage. Loaded Objects now: 3375.
Total: 3.617200 ms (FindLiveObjects: 0.589300 ms CreateObjectMapping: 0.175100 ms MarkObjects: 2.826700 ms  DeleteObjects: 0.025000 ms)

AssetImportParameters requested are different than current active one (requested -> active):
  custom:framework-win-MediaFoundation: 216162199b28c13a410421893ffa2e32 -> 
  custom:video-decoder-ogg-theora: a1e56fd34408186e4bbccfd4996cb3dc -> 
  custom:container-muxer-webm: aa71ff27fc2769a1b78a27578f13a17b -> 
  custom:container-demuxer-webm: 4f35f7cbe854078d1ac9338744f61a02 -> 
  custom:container-demuxer-ogg: 62fdf1f143b41e24485cea50d1cbac27 -> 
  custom:video-encoder-webm-vp8: eb34c28f22e8b96e1ab97ce403110664 -> 
  custom:video-decoder-webm-vp8: 9c59270c3fd7afecdb556c50c9e8de78 -> 
  custom:graphics/normal-map-encoding: 01000000000000000000000000000000 -> 02000000000000000000000000000000
  custom:audio-decoder-ogg-vorbis: bf7c407c2cedff20999df2af8eb42d56 -> 
  custom:audio-encoder-webm-vorbis: bf7c407c2cedff20999df2af8eb42d56 -> 
========================================================================
Received Import Request.
  Time since last request: 179.172322 seconds.
  path: Assets/SuikaShaderFramework/Resources/Texture/Hair/SuikaHairInner.mat
  artifactKey: Guid(d48975e27064aea49970d8e3791287a9) Importer(815301076,1909f56bfc062723c751e8b465ee728b)
Start importing Assets/SuikaShaderFramework/Resources/Texture/Hair/SuikaHairInner.mat using Guid(d48975e27064aea49970d8e3791287a9) Importer(815301076,1909f56bfc062723c751e8b465ee728b)  -> (artifact id: 'b2074209bd82a25887129eb961ff985c') in 0.778096 seconds 
  Import took 0.795130 seconds .

========================================================================
Received Import Request.
  Time since last request: 170.632574 seconds.
  path: Assets/SuikaShaderFramework/Resources/Texture/Hair/SuikaHairInner.mat
  artifactKey: Guid(d48975e27064aea49970d8e3791287a9) Importer(815301076,1909f56bfc062723c751e8b465ee728b)
Start importing Assets/SuikaShaderFramework/Resources/Texture/Hair/SuikaHairInner.mat using Guid(d48975e27064aea49970d8e3791287a9) Importer(815301076,1909f56bfc062723c751e8b465ee728b)  -> (artifact id: '4ec1b1109fc4f713c7c4e22adb2f8575') in 0.569724 seconds 
  Import took 0.576809 seconds .

========================================================================
Received Prepare
Registering precompiled user dll's ...
Registered in 0.002912 seconds.
Begin MonoManager ReloadAssembly
Native extension for WindowsStandalone target not found
Refreshing native plugins compatible for Editor in 0.57 ms, found 2 plugins.
Preloading 0 native plugins for Editor in 0.00 ms.
Mono: successfully reloaded assembly
- Completed reload, in  0.982 seconds
Platform modules already initialized, skipping
Switching build target platform(19) subTarget(0) extendedPlatform(0) -> platform(13) subTarget(537395200) extendedPlatform(0)
Shader 'Universal Render Pipeline/Particles/Lit': fallback shader 'Universal Render Pipeline/Particles/SimpleLit' not found
Refreshing native plugins compatible for Editor in 0.51 ms, found 2 plugins.
Preloading 0 native plugins for Editor in 0.00 ms.
Unloading 2741 Unused Serialized files (Serialized files now loaded: 0)
System memory in use before: 127.7 MB.
System memory in use after: 128.0 MB.

Unloading 15 unused Assets to reduce memory usage. Loaded Objects now: 3414.
Total: 2.507400 ms (FindLiveObjects: 0.269000 ms CreateObjectMapping: 0.136800 ms MarkObjects: 2.079800 ms  DeleteObjects: 0.021000 ms)

AssetImportParameters requested are different than current active one (requested -> active):
  custom:framework-win-MediaFoundation: 216162199b28c13a410421893ffa2e32 -> 
  custom:video-decoder-ogg-theora: a1e56fd34408186e4bbccfd4996cb3dc -> 
  custom:container-muxer-webm: aa71ff27fc2769a1b78a27578f13a17b -> 
  custom:container-demuxer-webm: 4f35f7cbe854078d1ac9338744f61a02 -> 
  custom:container-demuxer-ogg: 62fdf1f143b41e24485cea50d1cbac27 -> 
  custom:video-encoder-webm-vp8: eb34c28f22e8b96e1ab97ce403110664 -> 
  custom:video-decoder-webm-vp8: 9c59270c3fd7afecdb556c50c9e8de78 -> 
  custom:graphics/normal-map-encoding: 01000000000000000000000000000000 -> 02000000000000000000000000000000
  custom:audio-decoder-ogg-vorbis: bf7c407c2cedff20999df2af8eb42d56 -> 
  custom:audio-encoder-webm-vorbis: bf7c407c2cedff20999df2af8eb42d56 -> 
========================================================================
Received Import Request.
  Time since last request: 26964.758442 seconds.
  path: Assets/SuikaShaderFramework/Resources/Texture/Hair/New Material 4.mat
  artifactKey: Guid(1d70184f2e1fbe846a843a763fedba18) Importer(815301076,1909f56bfc062723c751e8b465ee728b)
Start importing Assets/SuikaShaderFramework/Resources/Texture/Hair/New Material 4.mat using Guid(1d70184f2e1fbe846a843a763fedba18) Importer(815301076,1909f56bfc062723c751e8b465ee728b)  -> (artifact id: '795b38eb221accf0b9da09d9720434c5') in 0.388883 seconds 
  Import took 0.439266 seconds .

========================================================================
Received Import Request.
  Time since last request: 4.690320 seconds.
  path: Assets/SuikaShaderFramework/Resources/Texture/Hair/New Material 4.mat
  artifactKey: Guid(1d70184f2e1fbe846a843a763fedba18) Importer(815301076,1909f56bfc062723c751e8b465ee728b)
Start importing Assets/SuikaShaderFramework/Resources/Texture/Hair/New Material 4.mat using Guid(1d70184f2e1fbe846a843a763fedba18) Importer(815301076,1909f56bfc062723c751e8b465ee728b)  -> (artifact id: 'd6e91ff0faf4fa3d2624c2dbb05b7285') in 0.036668 seconds 
  Import took 0.040498 seconds .

========================================================================
Received Import Request.
  Time since last request: 46.911136 seconds.
  path: Assets/SuikaShaderFramework/Resources/Texture/Hair/New Material 4.mat
  artifactKey: Guid(1d70184f2e1fbe846a843a763fedba18) Importer(815301076,1909f56bfc062723c751e8b465ee728b)
Start importing Assets/SuikaShaderFramework/Resources/Texture/Hair/New Material 4.mat using Guid(1d70184f2e1fbe846a843a763fedba18) Importer(815301076,1909f56bfc062723c751e8b465ee728b)  -> (artifact id: '638c0201def088accea6e21bb9411829') in 0.027119 seconds 
  Import took 0.031001 seconds .

========================================================================
Received Import Request.
  Time since last request: 113.567008 seconds.
  path: Assets/SuikaShaderFramework/Resources/Texture/Hair/SuikaHairInner.mat
  artifactKey: Guid(d48975e27064aea49970d8e3791287a9) Importer(815301076,1909f56bfc062723c751e8b465ee728b)
Start importing Assets/SuikaShaderFramework/Resources/Texture/Hair/SuikaHairInner.mat using Guid(d48975e27064aea49970d8e3791287a9) Importer(815301076,1909f56bfc062723c751e8b465ee728b)  -> (artifact id: '74b1c6b046674668fdb9df67a0b7b741') in 0.782499 seconds 
  Import took 0.789663 seconds .

========================================================================
Received Import Request.
  Time since last request: 45.910851 seconds.
  path: Assets/SuikaShaderFramework/Resources/Texture/Hair/SuikaHairInner.mat
  artifactKey: Guid(d48975e27064aea49970d8e3791287a9) Importer(815301076,1909f56bfc062723c751e8b465ee728b)
Start importing Assets/SuikaShaderFramework/Resources/Texture/Hair/SuikaHairInner.mat using Guid(d48975e27064aea49970d8e3791287a9) Importer(815301076,1909f56bfc062723c751e8b465ee728b)  -> (artifact id: '730fc0633bda87f7af14f5e8463dc403') in 0.402189 seconds 
  Import took 0.408025 seconds .

========================================================================
Received Import Request.
  Time since last request: 39.750113 seconds.
  path: Assets/SuikaShaderFramework/Resources/Texture/Hair/SuikaHairInner.mat
  artifactKey: Guid(d48975e27064aea49970d8e3791287a9) Importer(815301076,1909f56bfc062723c751e8b465ee728b)
Start importing Assets/SuikaShaderFramework/Resources/Texture/Hair/SuikaHairInner.mat using Guid(d48975e27064aea49970d8e3791287a9) Importer(815301076,1909f56bfc062723c751e8b465ee728b)  -> (artifact id: '6fbb6d881791a7063a0210594a190eef') in 0.395042 seconds 
  Import took 0.401304 seconds .

========================================================================
Received Import Request.
  Time since last request: 10.589710 seconds.
  path: Assets/SuikaShaderFramework/Resources/Texture/Hair/SuikaHairInner.mat
  artifactKey: Guid(d48975e27064aea49970d8e3791287a9) Importer(815301076,1909f56bfc062723c751e8b465ee728b)
Start importing Assets/SuikaShaderFramework/Resources/Texture/Hair/SuikaHairInner.mat using Guid(d48975e27064aea49970d8e3791287a9) Importer(815301076,1909f56bfc062723c751e8b465ee728b)  -> (artifact id: '21957be0a52ef7aa96390baa2e341c58') in 0.651756 seconds 
  Import took 0.658457 seconds .

========================================================================
Received Import Request.
  Time since last request: 10.309357 seconds.
  path: Assets/SuikaShaderFramework/Resources/Texture/Hair/SuikaHairInner.mat
  artifactKey: Guid(d48975e27064aea49970d8e3791287a9) Importer(815301076,1909f56bfc062723c751e8b465ee728b)
Start importing Assets/SuikaShaderFramework/Resources/Texture/Hair/SuikaHairInner.mat using Guid(d48975e27064aea49970d8e3791287a9) Importer(815301076,1909f56bfc062723c751e8b465ee728b)  -> (artifact id: '8028bdd704d82077e4434ac7c6ac6ab9') in 0.547993 seconds 
  Import took 0.554558 seconds .

========================================================================
Received Import Request.
  Time since last request: 335.999546 seconds.
  path: Assets/SuikaShaderFramework/Resources/Texture/Hair/body.mat
  artifactKey: Guid(d3a76a2f67e7acf498a78b56a5ef17cc) Importer(815301076,1909f56bfc062723c751e8b465ee728b)
Start importing Assets/SuikaShaderFramework/Resources/Texture/Hair/body.mat using Guid(d3a76a2f67e7acf498a78b56a5ef17cc) Importer(815301076,1909f56bfc062723c751e8b465ee728b)  -> (artifact id: '3cfe08cbd22502c5aed0779e33edabee') in 0.010798 seconds 
  Import took 0.032915 seconds .

========================================================================
Received Import Request.
  Time since last request: 3.406569 seconds.
  path: Assets/SuikaShaderFramework/Resources/Texture/Hair/body.mat
  artifactKey: Guid(d3a76a2f67e7acf498a78b56a5ef17cc) Importer(815301076,1909f56bfc062723c751e8b465ee728b)
Start importing Assets/SuikaShaderFramework/Resources/Texture/Hair/body.mat using Guid(d3a76a2f67e7acf498a78b56a5ef17cc) Importer(815301076,1909f56bfc062723c751e8b465ee728b)  -> (artifact id: '3740cdc90edc52a4f41b68325ed52f29') in 0.008964 seconds 
  Import took 0.012992 seconds .

========================================================================
Received Import Request.
  Time since last request: 7.486219 seconds.
  path: Assets/SuikaShaderFramework/Resources/Texture/Hair/body.mat
  artifactKey: Guid(d3a76a2f67e7acf498a78b56a5ef17cc) Importer(815301076,1909f56bfc062723c751e8b465ee728b)
Start importing Assets/SuikaShaderFramework/Resources/Texture/Hair/body.mat using Guid(d3a76a2f67e7acf498a78b56a5ef17cc) Importer(815301076,1909f56bfc062723c751e8b465ee728b)  -> (artifact id: '314320e44eb341a9730b50e31317d1d0') in 0.008492 seconds 
  Import took 0.012573 seconds .

========================================================================
Received Import Request.
  Time since last request: 6.272821 seconds.
  path: Assets/SuikaShaderFramework/Resources/Texture/Hair/body.mat
  artifactKey: Guid(d3a76a2f67e7acf498a78b56a5ef17cc) Importer(815301076,1909f56bfc062723c751e8b465ee728b)
Start importing Assets/SuikaShaderFramework/Resources/Texture/Hair/body.mat using Guid(d3a76a2f67e7acf498a78b56a5ef17cc) Importer(815301076,1909f56bfc062723c751e8b465ee728b)  -> (artifact id: 'be5af4fdf3652b2cb7c02783207cdd6d') in 0.008670 seconds 
  Import took 0.013329 seconds .

========================================================================
Received Import Request.
  Time since last request: 15.595049 seconds.
  path: Assets/SuikaShaderFramework/Sample - Fur.unity
  artifactKey: Guid(8fb206d9db5465244995c232377509b8) Importer(815301076,1909f56bfc062723c751e8b465ee728b)
Start importing Assets/SuikaShaderFramework/Sample - Fur.unity using Guid(8fb206d9db5465244995c232377509b8) Importer(815301076,1909f56bfc062723c751e8b465ee728b)  -> (artifact id: '9e19fb46e27c1b74a987a6fb5c7eba47') in 0.002837 seconds 
  Import took 0.006729 seconds .

========================================================================
Received Import Request.
  Time since last request: 4.896083 seconds.
  path: Assets/SuikaShaderFramework/Sample - Hair.unity
  artifactKey: Guid(68a91f26376386444b4a2c28507f2dde) Importer(815301076,1909f56bfc062723c751e8b465ee728b)
Start importing Assets/SuikaShaderFramework/Sample - Hair.unity using Guid(68a91f26376386444b4a2c28507f2dde) Importer(815301076,1909f56bfc062723c751e8b465ee728b)  -> (artifact id: 'e36f71c148dc0fe14da6bff322470f87') in 0.002420 seconds 
  Import took 0.006593 seconds .

========================================================================
Received Import Request.
  Time since last request: 8.558501 seconds.
  path: Assets/SuikaShaderFramework/Sample - Orange.unity
  artifactKey: Guid(9449d82c2dbdaf948acc1f7d4d81375d) Importer(815301076,1909f56bfc062723c751e8b465ee728b)
Start importing Assets/SuikaShaderFramework/Sample - Orange.unity using Guid(9449d82c2dbdaf948acc1f7d4d81375d) Importer(815301076,1909f56bfc062723c751e8b465ee728b)  -> (artifact id: '26efdc12bc3a5bfd41e20ee2abc88cb3') in 0.002874 seconds 
  Import took 0.006889 seconds .

========================================================================
Received Prepare
Registering precompiled user dll's ...
Registered in 0.002914 seconds.
Begin MonoManager ReloadAssembly
Native extension for WindowsStandalone target not found
Refreshing native plugins compatible for Editor in 0.53 ms, found 2 plugins.
Preloading 0 native plugins for Editor in 0.00 ms.
Mono: successfully reloaded assembly
- Completed reload, in  0.966 seconds
Platform modules already initialized, skipping
Switching build target platform(19) subTarget(0) extendedPlatform(0) -> platform(13) subTarget(537395200) extendedPlatform(0)
Shader 'Universal Render Pipeline/Particles/Lit': fallback shader 'Universal Render Pipeline/Particles/SimpleLit' not found
Refreshing native plugins compatible for Editor in 0.53 ms, found 2 plugins.
Preloading 0 native plugins for Editor in 0.00 ms.
Unloading 2741 Unused Serialized files (Serialized files now loaded: 0)
System memory in use before: 127.9 MB.
System memory in use after: 128.1 MB.

Unloading 15 unused Assets to reduce memory usage. Loaded Objects now: 3453.
Total: 2.589300 ms (FindLiveObjects: 0.297200 ms CreateObjectMapping: 0.123400 ms MarkObjects: 2.150700 ms  DeleteObjects: 0.017200 ms)

AssetImportParameters requested are different than current active one (requested -> active):
  custom:framework-win-MediaFoundation: 216162199b28c13a410421893ffa2e32 -> 
  custom:video-decoder-ogg-theora: a1e56fd34408186e4bbccfd4996cb3dc -> 
  custom:container-muxer-webm: aa71ff27fc2769a1b78a27578f13a17b -> 
  custom:container-demuxer-webm: 4f35f7cbe854078d1ac9338744f61a02 -> 
  custom:container-demuxer-ogg: 62fdf1f143b41e24485cea50d1cbac27 -> 
  custom:video-encoder-webm-vp8: eb34c28f22e8b96e1ab97ce403110664 -> 
  custom:video-decoder-webm-vp8: 9c59270c3fd7afecdb556c50c9e8de78 -> 
  custom:graphics/normal-map-encoding: 01000000000000000000000000000000 -> 02000000000000000000000000000000
  custom:audio-decoder-ogg-vorbis: bf7c407c2cedff20999df2af8eb42d56 -> 
  custom:audio-encoder-webm-vorbis: bf7c407c2cedff20999df2af8eb42d56 -> 
========================================================================
Received Prepare
Registering precompiled user dll's ...
Registered in 0.002809 seconds.
Begin MonoManager ReloadAssembly
Native extension for WindowsStandalone target not found
Refreshing native plugins compatible for Editor in 0.50 ms, found 2 plugins.
Preloading 0 native plugins for Editor in 0.00 ms.
Mono: successfully reloaded assembly
- Completed reload, in  0.904 seconds
Platform modules already initialized, skipping
Switching build target platform(19) subTarget(0) extendedPlatform(0) -> platform(13) subTarget(537395200) extendedPlatform(0)
Shader 'Universal Render Pipeline/Particles/Lit': fallback shader 'Universal Render Pipeline/Particles/SimpleLit' not found
Refreshing native plugins compatible for Editor in 0.53 ms, found 2 plugins.
Preloading 0 native plugins for Editor in 0.00 ms.
Unloading 2741 Unused Serialized files (Serialized files now loaded: 0)
System memory in use before: 127.9 MB.
System memory in use after: 128.1 MB.

Unloading 15 unused Assets to reduce memory usage. Loaded Objects now: 3456.
Total: 2.649100 ms (FindLiveObjects: 0.295600 ms CreateObjectMapping: 0.182900 ms MarkObjects: 2.142800 ms  DeleteObjects: 0.026600 ms)

AssetImportParameters requested are different than current active one (requested -> active):
  custom:framework-win-MediaFoundation: 216162199b28c13a410421893ffa2e32 -> 
  custom:video-decoder-ogg-theora: a1e56fd34408186e4bbccfd4996cb3dc -> 
  custom:container-muxer-webm: aa71ff27fc2769a1b78a27578f13a17b -> 
  custom:container-demuxer-webm: 4f35f7cbe854078d1ac9338744f61a02 -> 
  custom:container-demuxer-ogg: 62fdf1f143b41e24485cea50d1cbac27 -> 
  custom:video-encoder-webm-vp8: eb34c28f22e8b96e1ab97ce403110664 -> 
  custom:video-decoder-webm-vp8: 9c59270c3fd7afecdb556c50c9e8de78 -> 
  custom:graphics/normal-map-encoding: 01000000000000000000000000000000 -> 02000000000000000000000000000000
  custom:audio-decoder-ogg-vorbis: bf7c407c2cedff20999df2af8eb42d56 -> 
  custom:audio-encoder-webm-vorbis: bf7c407c2cedff20999df2af8eb42d56 -> 
========================================================================
Received Import Request.
  Time since last request: 1856.179811 seconds.
  path: Assets/SuikaShaderFramework/Resources/Texture/Hair/New Material 4.mat
  artifactKey: Guid(1d70184f2e1fbe846a843a763fedba18) Importer(815301076,1909f56bfc062723c751e8b465ee728b)
Start importing Assets/SuikaShaderFramework/Resources/Texture/Hair/New Material 4.mat using Guid(1d70184f2e1fbe846a843a763fedba18) Importer(815301076,1909f56bfc062723c751e8b465ee728b)  -> (artifact id: 'a2460a93c8d25ed54a99f38f178f80cf') in 0.368638 seconds 
  Import took 0.374429 seconds .

========================================================================
Received Import Request.
  Time since last request: 4.918792 seconds.
  path: Assets/SuikaShaderFramework/Resources/Texture/Hair/New Material 4.mat
  artifactKey: Guid(1d70184f2e1fbe846a843a763fedba18) Importer(815301076,1909f56bfc062723c751e8b465ee728b)
Start importing Assets/SuikaShaderFramework/Resources/Texture/Hair/New Material 4.mat using Guid(1d70184f2e1fbe846a843a763fedba18) Importer(815301076,1909f56bfc062723c751e8b465ee728b)  -> (artifact id: '0b028f7ec1b9441e10c5ecf4f687a63b') in 0.482499 seconds 
  Import took 0.497038 seconds .

========================================================================
Received Import Request.
  Time since last request: 9.430524 seconds.
  path: Assets/SuikaShaderFramework/Resources/Texture/Hair/New Material 4.mat
  artifactKey: Guid(1d70184f2e1fbe846a843a763fedba18) Importer(815301076,1909f56bfc062723c751e8b465ee728b)
Start importing Assets/SuikaShaderFramework/Resources/Texture/Hair/New Material 4.mat using Guid(1d70184f2e1fbe846a843a763fedba18) Importer(815301076,1909f56bfc062723c751e8b465ee728b)  -> (artifact id: 'bb69133d8bb353bde4a1ecad7941811c') in 0.444950 seconds 
  Import took 0.449786 seconds .

========================================================================
Received Import Request.
  Time since last request: 9.656731 seconds.
  path: Assets/SuikaShaderFramework/Resources/Texture/Hair/New Material 4.mat
  artifactKey: Guid(1d70184f2e1fbe846a843a763fedba18) Importer(815301076,1909f56bfc062723c751e8b465ee728b)
Start importing Assets/SuikaShaderFramework/Resources/Texture/Hair/New Material 4.mat using Guid(1d70184f2e1fbe846a843a763fedba18) Importer(815301076,1909f56bfc062723c751e8b465ee728b)  -> (artifact id: '8f35f568c5e933d32ae083336c6b3b14') in 0.007580 seconds 
  Import took 0.011354 seconds .

========================================================================
Received Import Request.
  Time since last request: 4.942529 seconds.
  path: Assets/SuikaShaderFramework/Resources/Texture/Hair/New Material 4.mat
  artifactKey: Guid(1d70184f2e1fbe846a843a763fedba18) Importer(815301076,1909f56bfc062723c751e8b465ee728b)
Start importing Assets/SuikaShaderFramework/Resources/Texture/Hair/New Material 4.mat using Guid(1d70184f2e1fbe846a843a763fedba18) Importer(815301076,1909f56bfc062723c751e8b465ee728b)  -> (artifact id: '3fd5bc38940ab9ed7f8da87e5e59df9e') in 0.190141 seconds 
  Import took 0.195357 seconds .

========================================================================
Received Import Request.
  Time since last request: 5.635555 seconds.
  path: Assets/SuikaShaderFramework/Resources/Texture/Hair/New Material 4.mat
  artifactKey: Guid(1d70184f2e1fbe846a843a763fedba18) Importer(815301076,1909f56bfc062723c751e8b465ee728b)
Start importing Assets/SuikaShaderFramework/Resources/Texture/Hair/New Material 4.mat using Guid(1d70184f2e1fbe846a843a763fedba18) Importer(815301076,1909f56bfc062723c751e8b465ee728b)  -> (artifact id: '087d5fe9e49f02f0341019a3c4ce3023') in 0.191781 seconds 
  Import took 0.196644 seconds .

========================================================================
Received Import Request.
  Time since last request: 102.640900 seconds.
  path: Assets/SuikaShaderFramework/Resources/Texture/Hair/SuikaHairInner.mat
  artifactKey: Guid(d48975e27064aea49970d8e3791287a9) Importer(815301076,1909f56bfc062723c751e8b465ee728b)
Start importing Assets/SuikaShaderFramework/Resources/Texture/Hair/SuikaHairInner.mat using Guid(d48975e27064aea49970d8e3791287a9) Importer(815301076,1909f56bfc062723c751e8b465ee728b)  -> (artifact id: '8a58402e09ba79b2fee05adcf467d051') in 0.605291 seconds 
  Import took 0.611986 seconds .

========================================================================
Received Import Request.
  Time since last request: 4.027099 seconds.
  path: Assets/SuikaShaderFramework/Resources/Texture/Hair/SuikaHairInner.mat
  artifactKey: Guid(d48975e27064aea49970d8e3791287a9) Importer(815301076,1909f56bfc062723c751e8b465ee728b)
Start importing Assets/SuikaShaderFramework/Resources/Texture/Hair/SuikaHairInner.mat using Guid(d48975e27064aea49970d8e3791287a9) Importer(815301076,1909f56bfc062723c751e8b465ee728b)  -> (artifact id: 'd771a70f87ee659c831bef92004e2e2d') in 0.538306 seconds 
  Import took 0.544900 seconds .

AssetImportWorkerClient::OnTransportError - code=2 error=End of file
